#
# A fatal error has been detected by the Java Runtime Environment:
#
#  EXCEPTION_ACCESS_VIOLATION (0xc0000005) at pc=0x00007ff8cd698427, pid=29628, tid=25976
#
# JRE version: OpenJDK Runtime Environment (23.0+37) (build 23+37-2369)
# Java VM: OpenJDK 64-Bit Server VM (23+37-2369, mixed mode, sharing, tiered, compressed oops, compressed class ptrs, g1 gc, windows-amd64)
# Problematic frame:
# C  [glass.dll+0x28427]
#
# No core dump will be written. Minidumps are not enabled by default on client versions of Windows
#
# If you would like to submit a bug report, please visit:
#   https://bugreport.java.com/bugreport/crash.jsp
#

---------------  S U M M A R Y ------------

Command Line: -javaagent:C:\Users\ASUS TUF GAMING F15\IntelliJ IDEA 2024.1.4\lib\idea_rt.jar=54886:C:\Users\ASUS TUF GAMING F15\IntelliJ IDEA 2024.1.4\bin -Dfile.encoding=UTF-8 -Dsun.stdout.encoding=UTF-8 -Dsun.stderr.encoding=UTF-8 --module-path=D:\KUcomsci\SA_project\Sa-Project\NewApp\target\classes;C:\Users\ASUS TUF GAMING F15\.m2\repository\org\openjfx\javafx-fxml\23\javafx-fxml-23-win.jar;C:\Users\ASUS TUF GAMING F15\.m2\repository\io\github\typhon0\AnimateFX\1.2.4\AnimateFX-1.2.4.jar;C:\Users\ASUS TUF GAMING F15\.m2\repository\org\json\json\20240303\json-20240303.jar;C:\Users\ASUS TUF GAMING F15\.m2\repository\org\openjfx\javafx-base\23\javafx-base-23-win.jar;C:\Users\ASUS TUF GAMING F15\.m2\repository\org\openjfx\javafx-controls\23\javafx-controls-23-win.jar;C:\Users\ASUS TUF GAMING F15\.m2\repository\org\openjfx\javafx-graphics\23\javafx-graphics-23-win.jar;C:\Users\ASUS TUF GAMING F15\.m2\repository\org\springframework\security\spring-security-crypto\5.8.1\spring-security-crypto-5.8.1.jar;C:\Users\ASUS TUF GAMING F15\.m2\repository\org\mindrot\jbcrypt\0.4\jbcrypt-0.4.jar -Djdk.module.main=ku.cs ku.cs/ku.cs.appsales.MainApplication

Host: 11th Gen Intel(R) Core(TM) i5-11400H @ 2.70GHz, 12 cores, 15G,  Windows 11 , 64 bit Build 22621 (10.0.22621.3958)
Time: Wed Oct 30 20:05:25 2024 SE Asia Standard Time elapsed time: 15.729227 seconds (0d 0h 0m 15s)

---------------  T H R E A D  ---------------

Current thread (0x0000024efc8fb6b0):  VMThread "VM Thread"          [id=25976, stack(0x00000058f3600000,0x00000058f3700000) (1024K)]

Stack: [0x00000058f3600000,0x00000058f3700000],  sp=0x00000058f36ff320,  free space=1020k
Native frames: (J=compiled Java code, j=interpreted, Vv=VM code, C=native code)
C  [glass.dll+0x28427]  (no source info available)
C  [ucrtbase.dll+0x53a93]  (no source info available)
C  [ucrtbase.dll+0x2042e]  (no source info available)
C  [ucrtbase.dll+0x1dddd]  (no source info available)
C  [glass.dll+0x25bbd]  (no source info available)
C  [glass.dll+0x25ce2]  (no source info available)
C  [ntdll.dll+0x28b5f]  (no source info available)
C  [ntdll.dll+0x51566]  (no source info available)
C  [ntdll.dll+0x5115d]  (no source info available)
C  [KERNEL32.DLL+0x17fab]  (no source info available)
C  [ucrtbase.dll+0x1bed8]  (no source info available)
C  [ucrtbase.dll+0x1c099]  (no source info available)
V  [jvm.dll+0x6d98fc]  (no source info available)
V  [jvm.dll+0x6d9430]  (no source info available)
V  [jvm.dll+0x3da534]  (no source info available)
V  [jvm.dll+0x886500]  (no source info available)
V  [jvm.dll+0x887827]  (no source info available)
V  [jvm.dll+0x887d58]  (no source info available)
V  [jvm.dll+0x887ff3]  (no source info available)
V  [jvm.dll+0x824f1b]  (no source info available)
V  [jvm.dll+0x6df055]  (no source info available)
C  [ucrtbase.dll+0x29333]  (no source info available)
C  [KERNEL32.DLL+0x1257d]  (no source info available)
C  [ntdll.dll+0x5af08]  (no source info available)


siginfo: EXCEPTION_ACCESS_VIOLATION (0xc0000005), reading address 0x0000000000000000


Registers:
RAX=0x0000000000000000, RBX=0x0000024efc8ffc9a, RCX=0x0000024efc8fb6b0, RDX=0x00000058f36ff320
RSP=0x00000058f36ff320, RBP=0x0000024ec648f348, RSI=0x00000058f36ff428, RDI=0x0000024ec648f320
R8 =0x0000000000010002, R9 =0x0000024ec648f320, R10=0x85f13e9656da4870, R11=0x00000058f36ff2b0
R12=0x00007ff8cd695d30, R13=0x00007ff8aae0b760, R14=0x0000c5298214e116, R15=0x0000024ec648f320
RIP=0x00007ff8cd698427, EFLAGS=0x0000000000010206


Register to memory mapping:

RAX=0x0 is null
RBX=0x0000024efc8ffc9a is a global jni handle
RCX=0x0000024efc8fb6b0 points into unknown readable memory: 0x00007ff8aac0f698 | 98 f6 c0 aa f8 7f 00 00
RDX=0x00000058f36ff320 points into unknown readable memory: 0x0000000000000000 | 00 00 00 00 00 00 00 00
RSP=0x00000058f36ff320 points into unknown readable memory: 0x0000000000000000 | 00 00 00 00 00 00 00 00
RBP=0x0000024ec648f348 points into unknown readable memory: 0x0000c5298214e116 | 16 e1 14 82 29 c5 00 00
RSI=0x00000058f36ff428 points into unknown readable memory: 0x00000058f36ff410 | 10 f4 6f f3 58 00 00 00
RDI=0x0000024ec648f320 points into unknown readable memory: 0xfe339f7f9014e109 | 09 e1 14 90 7f 9f 33 fe
R8 =0x0000000000010002 is an unknown value
R9 =0x0000024ec648f320 points into unknown readable memory: 0xfe339f7f9014e109 | 09 e1 14 90 7f 9f 33 fe
R10=0x85f13e9656da4870 is an unknown value
R11=0x00000058f36ff2b0 points into unknown readable memory: 0x0000024ec648f320 | 20 f3 48 c6 4e 02 00 00
R12=0x00007ff8cd695d30 glass.dll
R13=0x00007ff8aae0b760 jvm.dll
R14=0x0000c5298214e116 is an unknown value
R15=0x0000024ec648f320 points into unknown readable memory: 0xfe339f7f9014e109 | 09 e1 14 90 7f 9f 33 fe

Top of Stack: (sp=0x00000058f36ff320)
0x00000058f36ff320:   0000000000000000 00000058f36ff428
0x00000058f36ff330:   00007ff8aae0b760 00007ff8cd695d30
0x00000058f36ff340:   0000024ec648f328 00007ff9003f3a93
0x00000058f36ff350:   0000024ec648f320 0000024e00000000
0x00000058f36ff360:   0000024ec648f348 00000058f36ff428
0x00000058f36ff370:   fffffffffffffffe 0000000000000000
0x00000058f36ff380:   0000000000000001 00007ff8cd670000
0x00000058f36ff390:   00000058f36ff418 00007ff9003c042e
0x00000058f36ff3a0:   0000000000000000 00000058f36ff428
0x00000058f36ff3b0:   00000058f36ff710 0000000000000001
0x00000058f36ff3c0:   0000000000000001 00007ff9003bdddd
0x00000058f36ff3d0:   0000000000000000 00007ff8cd695529
0x00000058f36ff3e0:   0000000000000000 00000058f36ff418
0x00000058f36ff3f0:   fffffffffffffffe 0000000000000001
0x00000058f36ff400:   0000000000000000 00007ff8cd695bbd
0x00000058f36ff410:   00007ff8cd6ad078 00007ff800000002
0x00000058f36ff420:   0000000000000002 00000058f36ff410
0x00000058f36ff430:   0000000000000000 00007ff902b18ac3
0x00000058f36ff440:   0000000000000000 00007ff8cd695ce2
0x00000058f36ff450:   0000000000000001 0000000000000001
0x00000058f36ff460:   0000000000000001 0000000000000000
0x00000058f36ff470:   0000000000000001 00007ff8ff5b2223
0x00000058f36ff480:   00007ff800000001 0000000000000000
0x00000058f36ff490:   00007ff8cd670000 000000007ffe0384
0x00000058f36ff4a0:   0000000000000000 00007ff902b18b5f
0x00000058f36ff4b0:   00007ff8cd670000 0000000000000000
0x00000058f36ff4c0:   0000000000000001 000000007ffe0385
0x00000058f36ff4d0:   00007ff902c27940 00007ff8e442c070
0x00000058f36ff4e0:   0000d3ad4ddc5a00 00007ff8e2ef0000
0x00000058f36ff4f0:   00007ff8cd695d30 0000000000000000
0x00000058f36ff500:   0000000000000000 00000058f2bfa000
0x00000058f36ff510:   0000024ec5479690 00007ff902b41566 

Instructions: (pc=0x00007ff8cd698427)
0x00007ff8cd698327:   8b 4d 58 e8 49 cf ff ff 48 8b 4d 60 e8 40 cf ff
0x00007ff8cd698337:   ff 48 8b 95 80 00 00 00 48 8b 8d 18 01 00 00 e8
0x00007ff8cd698347:   26 c5 ff ff 33 d2 33 c9 e8 8c e1 ff ff 90 48 89
0x00007ff8cd698357:   54 24 10 55 48 83 ec 20 48 8b ea 48 b8 00 00 00
0x00007ff8cd698367:   00 00 00 00 00 48 83 c4 20 5d c3 cc 40 55 48 8b
0x00007ff8cd698377:   ea 48 8b 01 33 c9 81 38 05 00 00 c0 0f 94 c1 8b
0x00007ff8cd698387:   c1 5d c3 cc 40 55 48 83 ec 20 48 8b ea 8a 4d 40
0x00007ff8cd698397:   48 83 c4 20 5d e9 33 d3 ff ff cc 40 55 48 83 ec
0x00007ff8cd6983a7:   20 48 8b ea 8a 4d 20 e8 21 d3 ff ff 90 48 83 c4
0x00007ff8cd6983b7:   20 5d c3 cc 40 55 48 83 ec 20 48 8b ea 48 83 c4
0x00007ff8cd6983c7:   20 5d e9 82 d1 ff ff cc 40 55 48 83 ec 30 48 8b
0x00007ff8cd6983d7:   ea 48 8b 01 8b 10 48 89 4c 24 28 89 54 24 20 4c
0x00007ff8cd6983e7:   8d 0d 23 d6 ff ff 4c 8b 45 70 8b 55 68 48 8b 4d
0x00007ff8cd6983f7:   60 e8 c3 d0 ff ff 90 48 83 c4 30 5d c3 cc cc cc
0x00007ff8cd698407:   cc cc cc cc cc cc cc cc cc 40 53 48 83 ec 20 48
0x00007ff8cd698417:   8b 1d 1b 46 01 00 48 85 db 74 16 e8 59 90 ff ff
0x00007ff8cd698427:   4c 8b 00 48 8b d3 48 8b c8 41 ff 90 b0 00 00 00
0x00007ff8cd698437:   90 48 83 c4 20 5b c3 cc cc 40 53 48 83 ec 20 48
0x00007ff8cd698447:   8b 1d 5b 47 01 00 48 85 db 74 57 b8 ff ff ff ff
0x00007ff8cd698457:   f0 0f c1 43 10 83 f8 01 75 3d 48 85 db 74 38 48
0x00007ff8cd698467:   8b 0b 48 85 c9 74 0d ff 15 3c 0e 00 00 48 c7 03
0x00007ff8cd698477:   00 00 00 00 48 8b 4b 08 48 85 c9 74 0d e8 ef cd
0x00007ff8cd698487:   ff ff 48 c7 43 08 00 00 00 00 ba 18 00 00 00 48
0x00007ff8cd698497:   8b cb e8 da cd ff ff 48 c7 05 ff 46 01 00 00 00
0x00007ff8cd6984a7:   00 00 48 83 c4 20 5b c3 cc 40 53 48 83 ec 20 48
0x00007ff8cd6984b7:   8b 1d cb 46 01 00 48 85 db 74 57 b8 ff ff ff ff
0x00007ff8cd6984c7:   f0 0f c1 43 10 83 f8 01 75 3d 48 85 db 74 38 48
0x00007ff8cd6984d7:   8b 0b 48 85 c9 74 0d ff 15 cc 0d 00 00 48 c7 03
0x00007ff8cd6984e7:   00 00 00 00 48 8b 4b 08 48 85 c9 74 0d e8 7f cd
0x00007ff8cd6984f7:   ff ff 48 c7 43 08 00 00 00 00 ba 18 00 00 00 48
0x00007ff8cd698507:   8b cb e8 6a cd ff ff 48 c7 05 6f 46 01 00 00 00
0x00007ff8cd698517:   00 00 48 83 c4 20 5b c3 cc 40 53 48 83 ec 20 48 


Stack slot to memory mapping:

stack at sp + 0 slots: 0x0 is null
stack at sp + 1 slots: 0x00000058f36ff428 points into unknown readable memory: 0x00000058f36ff410 | 10 f4 6f f3 58 00 00 00
stack at sp + 2 slots: 0x00007ff8aae0b760 jvm.dll
stack at sp + 3 slots: 0x00007ff8cd695d30 glass.dll
stack at sp + 4 slots: 0x0000024ec648f328 points into unknown readable memory: 0x0000c5298214e116 | 16 e1 14 82 29 c5 00 00
stack at sp + 5 slots: 0x00007ff9003f3a93 ucrtbase.dll
stack at sp + 6 slots: 0x0000024ec648f320 points into unknown readable memory: 0xfe339f7f9014e109 | 09 e1 14 90 7f 9f 33 fe
stack at sp + 7 slots: 0x0000024e00000000 is an unknown value

VM_Operation (0x00000058f40ff4b0): Exit, mode: safepoint, requested by thread 0x0000024ec71e05f0


---------------  P R O C E S S  ---------------

Threads class SMR info:
_java_thread_list=0x0000024ec5275d50, length=20, elements={
0x0000024edb3af1c0, 0x0000024efc90d540, 0x0000024ec5035fd0, 0x0000024ec50427a0,
0x0000024ec5043bc0, 0x0000024ec5044fe0, 0x0000024ec5052c00, 0x0000024ec50566a0,
0x0000024ec514af20, 0x0000024ec563e0b0, 0x0000024ec563e720, 0x0000024ec5acec70,
0x0000024ec64ddb10, 0x0000024ec64e5090, 0x0000024ec673e4c0, 0x0000024ec681d0a0,
0x0000024ec71e26c0, 0x0000024ec71dff60, 0x0000024ec71e1310, 0x0000024ec71e05f0
}

Java Threads: ( => current thread )
  0x0000024edb3af1c0 JavaThread "main"                              [_thread_blocked, id=28836, stack(0x00000058f2f00000,0x00000058f3000000) (1024K)]
  0x0000024efc90d540 JavaThread "Reference Handler"          daemon [_thread_blocked, id=22784, stack(0x00000058f3700000,0x00000058f3800000) (1024K)]
  0x0000024ec5035fd0 JavaThread "Finalizer"                  daemon [_thread_blocked, id=22364, stack(0x00000058f3800000,0x00000058f3900000) (1024K)]
  0x0000024ec50427a0 JavaThread "Attach Listener"            daemon [_thread_blocked, id=13232, stack(0x00000058f3a00000,0x00000058f3b00000) (1024K)]
  0x0000024ec5043bc0 JavaThread "Service Thread"             daemon [_thread_blocked, id=29744, stack(0x00000058f3b00000,0x00000058f3c00000) (1024K)]
  0x0000024ec5044fe0 JavaThread "Monitor Deflation Thread"   daemon [_thread_blocked, id=16936, stack(0x00000058f3c00000,0x00000058f3d00000) (1024K)]
  0x0000024ec5052c00 JavaThread "C2 CompilerThread0"         daemon [_thread_blocked, id=1092, stack(0x00000058f3d00000,0x00000058f3e00000) (1024K)]
  0x0000024ec50566a0 JavaThread "C1 CompilerThread0"         daemon [_thread_blocked, id=22524, stack(0x00000058f3e00000,0x00000058f3f00000) (1024K)]
  0x0000024ec514af20 JavaThread "Common-Cleaner"             daemon [_thread_blocked, id=9540, stack(0x00000058f3f00000,0x00000058f4000000) (1024K)]
  0x0000024ec563e0b0 JavaThread "Monitor Ctrl-Break"         daemon [_thread_in_native, id=19320, stack(0x00000058f4200000,0x00000058f4300000) (1024K)]
  0x0000024ec563e720 JavaThread "Notification Thread"        daemon [_thread_blocked, id=8048, stack(0x00000058f4300000,0x00000058f4400000) (1024K)]
  0x0000024ec5acec70 JavaThread "QuantumRenderer-0"          daemon [_thread_blocked, id=27484, stack(0x00000058f4400000,0x00000058f4500000) (1024K)]
  0x0000024ec64ddb10 JavaThread "InvokeLaterDispatcher"      daemon [_thread_blocked, id=26576, stack(0x00000058f4600000,0x00000058f4700000) (1024K)]
  0x0000024ec64e5090 JavaThread "JavaFX Application Thread"         [_thread_blocked, id=27228, stack(0x00000058f4700000,0x00000058f4800000) (1024K)]
  0x0000024ec673e4c0 JavaThread "Thread-1"                   daemon [_thread_in_native, id=7344, stack(0x00000058f4a00000,0x00000058f4b00000) (1024K)]
  0x0000024ec681d0a0 JavaThread "JavaFX-Launcher"                   [_thread_blocked, id=31112, stack(0x00000058f4b00000,0x00000058f4c00000) (1024K)]
  0x0000024ec71e26c0 JavaThread "Prism Font Disposer"        daemon [_thread_blocked, id=5464, stack(0x00000058f5800000,0x00000058f5900000) (1024K)]
  0x0000024ec71dff60 JavaThread "mysql-cj-abandoned-connection-cleanup" daemon [_thread_blocked, id=11004, stack(0x00000058f5900000,0x00000058f5a00000) (1024K)]
  0x0000024ec71e1310 JavaThread "Cleaner-0"                  daemon [_thread_blocked, id=29324, stack(0x00000058f5b00000,0x00000058f5c00000) (1024K)]
  0x0000024ec71e05f0 JavaThread "SIGINT handler"             daemon [_thread_blocked, id=8148, stack(0x00000058f4000000,0x00000058f4100000) (1024K)]
Total: 20

Other Threads:
=>0x0000024efc8fb6b0 VMThread "VM Thread"                           [id=25976, stack(0x00000058f3600000,0x00000058f3700000) (1024K)]
  0x0000024edd66a8e0 WorkerThread "GC Thread#0"                     [id=1964, stack(0x00000058f3000000,0x00000058f3100000) (1024K)]
  0x0000024ec67bc170 WorkerThread "GC Thread#1"                     [id=6836, stack(0x00000058f4c00000,0x00000058f4d00000) (1024K)]
  0x0000024ec68b0a50 WorkerThread "GC Thread#2"                     [id=14420, stack(0x00000058f4d00000,0x00000058f4e00000) (1024K)]
  0x0000024ec68b1620 WorkerThread "GC Thread#3"                     [id=19280, stack(0x00000058f4e00000,0x00000058f4f00000) (1024K)]
  0x0000024ec68b19d0 WorkerThread "GC Thread#4"                     [id=30704, stack(0x00000058f4f00000,0x00000058f5000000) (1024K)]
  0x0000024ec68b2d90 WorkerThread "GC Thread#5"                     [id=31080, stack(0x00000058f5000000,0x00000058f5100000) (1024K)]
  0x0000024ec68c11c0 WorkerThread "GC Thread#6"                     [id=24156, stack(0x00000058f5100000,0x00000058f5200000) (1024K)]
  0x0000024ec68c1cd0 WorkerThread "GC Thread#7"                     [id=27096, stack(0x00000058f5200000,0x00000058f5300000) (1024K)]
  0x0000024ec68c1920 WorkerThread "GC Thread#8"                     [id=30964, stack(0x00000058f5300000,0x00000058f5400000) (1024K)]
  0x0000024ec68c2080 WorkerThread "GC Thread#9"                     [id=13976, stack(0x00000058f5400000,0x00000058f5500000) (1024K)]
  0x0000024edd67f5e0 ConcurrentGCThread "G1 Main Marker"            terminated
  0x0000024edd680d00 WorkerThread "G1 Conc#0"                       [id=23424, stack(0x00000058f3200000,0x00000058f3300000) (1024K)]
  0x0000024ec6ebfe10 WorkerThread "G1 Conc#1"                       [id=9712, stack(0x00000058f5c00000,0x00000058f5d00000) (1024K)]
  0x0000024ec6ec17e0 WorkerThread "G1 Conc#2"                       [id=19256, stack(0x00000058f5d00000,0x00000058f5e00000) (1024K)]
  0x0000024efc7babb0 ConcurrentGCThread "G1 Refine#0"               terminated
  0x0000024efc7bc650 ConcurrentGCThread "G1 Service"                terminated
Total: 17

Threads with active compile tasks:
Total: 0

VM state: at safepoint (shutting down)

VM Mutex/Monitor currently owned by a thread:  ([mutex/lock_event])
[0x00007ff8aade3910] Threads_lock - owner thread: 0x0000024efc8fb6b0
[0x00007ff8aade3a10] Heap_lock - owner thread: 0x0000024ec71e05f0

OutOfMemory and StackOverflow Exception counts:
StackOverflowErrors=11
LinkageErrors=42

Heap address: 0x0000000704000000, size: 4032 MB, Compressed Oops mode: Zero based, Oop shift amount: 3

CDS archive(s) mapped at: [0x0000024e80000000-0x0000024e80d70000-0x0000024e80d70000), size 14090240, SharedBaseAddress: 0x0000024e80000000, ArchiveRelocationMode: 1.
Compressed class space mapped at: 0x0000024e81000000-0x0000024ec1000000, reserved size: 1073741824
Narrow klass base: 0x0000024e80000000, Narrow klass shift: 0, Narrow klass range: 0x41000000

GC Precious Log:
 CardTable entry size: 512
 Card Set container configuration: InlinePtr #cards 4 size 8 Array Of Cards #cards 16 size 48 Howl #buckets 8 coarsen threshold 3686 Howl Bitmap #cards 512 size 80 coarsen threshold 460 Card regions per heap region 1 cards per card region 4096
 CPUs: 12 total, 12 available
 Memory: 16122M
 Large Page Support: Disabled
 NUMA Support: Disabled
 Compressed Oops: Enabled (Zero based)
 Heap Region Size: 2M
 Heap Min Capacity: 8M
 Heap Initial Capacity: 252M
 Heap Max Capacity: 4032M
 Pre-touch: Disabled
 Parallel Workers: 10
 Concurrent Workers: 3
 Concurrent Refinement Workers: 10
 Periodic GC: Disabled

Heap:
 garbage-first heap   total reserved 4128768K, committed 143360K, used 118290K [0x0000000704000000, 0x0000000800000000)
  region size 2048K, 23 young (47104K), 1 survivors (2048K)
 Metaspace       used 24908K, committed 25408K, reserved 1114112K
  class space    used 3555K, committed 3776K, reserved 1048576K

Heap Regions: E=young(eden), S=young(survivor), O=old, HS=humongous(starts), HC=humongous(continues), CS=collection set, F=free, TAMS=top-at-mark-start, PB=parsable bottom
|   0|0x0000000704000000, 0x0000000704200000, 0x0000000704200000|100%| O|  |TAMS 0x0000000704000000| PB 0x0000000704000000| Untracked |  0
|   1|0x0000000704200000, 0x0000000704400000, 0x0000000704400000|100%| O|  |TAMS 0x0000000704200000| PB 0x0000000704200000| Untracked |  0
|   2|0x0000000704400000, 0x0000000704600000, 0x0000000704600000|100%| O|  |TAMS 0x0000000704400000| PB 0x0000000704400000| Untracked |  0
|   3|0x0000000704600000, 0x0000000704800000, 0x0000000704800000|100%|HS|  |TAMS 0x0000000704600000| PB 0x0000000704600000| Complete |  0
|   4|0x0000000704800000, 0x0000000704a00000, 0x0000000704a00000|100%|HS|  |TAMS 0x0000000704800000| PB 0x0000000704800000| Complete |  0
|   5|0x0000000704a00000, 0x0000000704c00000, 0x0000000704c00000|100%|HC|  |TAMS 0x0000000704a00000| PB 0x0000000704a00000| Complete |  0
|   6|0x0000000704c00000, 0x0000000704e00000, 0x0000000704e00000|100%|HC|  |TAMS 0x0000000704c00000| PB 0x0000000704c00000| Complete |  0
|   7|0x0000000704e00000, 0x0000000705000000, 0x0000000705000000|100%| O|  |TAMS 0x0000000704e00000| PB 0x0000000704e00000| Untracked |  0
|   8|0x0000000705000000, 0x0000000705200000, 0x0000000705200000|100%| O|  |TAMS 0x0000000705000000| PB 0x0000000705000000| Untracked |  0
|   9|0x0000000705200000, 0x0000000705400000, 0x0000000705400000|100%| O|  |TAMS 0x0000000705200000| PB 0x0000000705200000| Untracked |  0
|  10|0x0000000705400000, 0x0000000705551950, 0x0000000705600000| 65%| O|  |TAMS 0x0000000705400000| PB 0x0000000705400000| Untracked |  0
|  11|0x0000000705600000, 0x0000000705800000, 0x0000000705800000|100%|HS|  |TAMS 0x0000000705600000| PB 0x0000000705600000| Complete |  0
|  12|0x0000000705800000, 0x0000000705a00000, 0x0000000705a00000|100%|HC|  |TAMS 0x0000000705800000| PB 0x0000000705800000| Complete |  0
|  13|0x0000000705a00000, 0x0000000705c00000, 0x0000000705c00000|100%|HC|  |TAMS 0x0000000705a00000| PB 0x0000000705a00000| Complete |  0
|  14|0x0000000705c00000, 0x0000000705e00000, 0x0000000705e00000|100%|HC|  |TAMS 0x0000000705c00000| PB 0x0000000705c00000| Complete |  0
|  15|0x0000000705e00000, 0x0000000706000000, 0x0000000706000000|100%|HC|  |TAMS 0x0000000705e00000| PB 0x0000000705e00000| Complete |  0
|  16|0x0000000706000000, 0x0000000706200000, 0x0000000706200000|100%|HC|  |TAMS 0x0000000706000000| PB 0x0000000706000000| Complete |  0
|  17|0x0000000706200000, 0x0000000706400000, 0x0000000706400000|100%|HS|  |TAMS 0x0000000706200000| PB 0x0000000706200000| Complete |  0
|  18|0x0000000706400000, 0x0000000706600000, 0x0000000706600000|100%|HC|  |TAMS 0x0000000706400000| PB 0x0000000706400000| Complete |  0
|  19|0x0000000706600000, 0x0000000706800000, 0x0000000706800000|100%|HC|  |TAMS 0x0000000706600000| PB 0x0000000706600000| Complete |  0
|  20|0x0000000706800000, 0x0000000706a00000, 0x0000000706a00000|100%|HC|  |TAMS 0x0000000706800000| PB 0x0000000706800000| Complete |  0
|  21|0x0000000706a00000, 0x0000000706c00000, 0x0000000706c00000|100%|HC|  |TAMS 0x0000000706a00000| PB 0x0000000706a00000| Complete |  0
|  22|0x0000000706c00000, 0x0000000706e00000, 0x0000000706e00000|100%|HC|  |TAMS 0x0000000706c00000| PB 0x0000000706c00000| Complete |  0
|  23|0x0000000706e00000, 0x0000000707000000, 0x0000000707000000|100%|HS|  |TAMS 0x0000000706e00000| PB 0x0000000706e00000| Complete |  0
|  24|0x0000000707000000, 0x0000000707200000, 0x0000000707200000|100%|HC|  |TAMS 0x0000000707000000| PB 0x0000000707000000| Complete |  0
|  25|0x0000000707200000, 0x0000000707400000, 0x0000000707400000|100%|HS|  |TAMS 0x0000000707200000| PB 0x0000000707200000| Complete |  0
|  26|0x0000000707400000, 0x0000000707600000, 0x0000000707600000|100%|HC|  |TAMS 0x0000000707400000| PB 0x0000000707400000| Complete |  0
|  27|0x0000000707600000, 0x0000000707800000, 0x0000000707800000|100%| O|  |TAMS 0x0000000707600000| PB 0x0000000707600000| Untracked |  0
|  28|0x0000000707800000, 0x0000000707a00000, 0x0000000707a00000|100%| O|  |TAMS 0x0000000707800000| PB 0x0000000707800000| Untracked |  0
|  29|0x0000000707a00000, 0x0000000707c00000, 0x0000000707c00000|100%| O|  |TAMS 0x0000000707a00000| PB 0x0000000707a00000| Untracked |  0
|  30|0x0000000707c00000, 0x0000000707e00000, 0x0000000707e00000|100%| O|  |TAMS 0x0000000707c00000| PB 0x0000000707c00000| Untracked |  0
|  31|0x0000000707e00000, 0x0000000708000000, 0x0000000708000000|100%| O|  |TAMS 0x0000000707e00000| PB 0x0000000707e00000| Untracked |  0
|  32|0x0000000708000000, 0x0000000708200000, 0x0000000708200000|100%| O|  |TAMS 0x0000000708000000| PB 0x0000000708000000| Untracked |  0
|  33|0x0000000708200000, 0x0000000708400000, 0x0000000708400000|100%| O|  |TAMS 0x0000000708200000| PB 0x0000000708200000| Untracked |  0
|  34|0x0000000708400000, 0x0000000708600000, 0x0000000708600000|100%| O|  |TAMS 0x0000000708400000| PB 0x0000000708400000| Untracked |  0
|  35|0x0000000708600000, 0x0000000708800000, 0x0000000708800000|100%| O|Cm|TAMS 0x0000000708600000| PB 0x0000000708600000| Complete |  0
|  36|0x0000000708800000, 0x0000000708800000, 0x0000000708a00000|  0%| F|  |TAMS 0x0000000708800000| PB 0x0000000708800000| Untracked |  0
|  37|0x0000000708a00000, 0x0000000708a00000, 0x0000000708c00000|  0%| F|  |TAMS 0x0000000708a00000| PB 0x0000000708a00000| Untracked |  0
|  38|0x0000000708c00000, 0x0000000708c00000, 0x0000000708e00000|  0%| F|  |TAMS 0x0000000708c00000| PB 0x0000000708c00000| Untracked |  0
|  39|0x0000000708e00000, 0x0000000708e00000, 0x0000000709000000|  0%| F|  |TAMS 0x0000000708e00000| PB 0x0000000708e00000| Untracked |  0
|  40|0x0000000709000000, 0x0000000709033240, 0x0000000709200000|  9%| S|CS|TAMS 0x0000000709000000| PB 0x0000000709000000| Complete |  0
|  41|0x0000000709200000, 0x0000000709400000, 0x0000000709400000|100%| O|  |TAMS 0x0000000709200000| PB 0x0000000709200000| Untracked |  0
|  42|0x0000000709400000, 0x0000000709400000, 0x0000000709600000|  0%| F|  |TAMS 0x0000000709400000| PB 0x0000000709400000| Untracked |  0
|  43|0x0000000709600000, 0x0000000709600000, 0x0000000709800000|  0%| F|  |TAMS 0x0000000709600000| PB 0x0000000709600000| Untracked |  0
|  44|0x0000000709800000, 0x0000000709800000, 0x0000000709a00000|  0%| F|  |TAMS 0x0000000709800000| PB 0x0000000709800000| Untracked |  0
|  45|0x0000000709a00000, 0x0000000709a00000, 0x0000000709c00000|  0%| F|  |TAMS 0x0000000709a00000| PB 0x0000000709a00000| Untracked |  0
|  46|0x0000000709c00000, 0x0000000709c00000, 0x0000000709e00000|  0%| F|  |TAMS 0x0000000709c00000| PB 0x0000000709c00000| Untracked |  0
|  47|0x0000000709e00000, 0x0000000709e00000, 0x000000070a000000|  0%| F|  |TAMS 0x0000000709e00000| PB 0x0000000709e00000| Untracked |  0
|  48|0x000000070a000000, 0x000000070a12cbf8, 0x000000070a200000| 58%| E|  |TAMS 0x000000070a000000| PB 0x000000070a000000| Complete |  0
|  49|0x000000070a200000, 0x000000070a400000, 0x000000070a400000|100%| E|CS|TAMS 0x000000070a200000| PB 0x000000070a200000| Complete |  0
|  50|0x000000070a400000, 0x000000070a600000, 0x000000070a600000|100%| E|CS|TAMS 0x000000070a400000| PB 0x000000070a400000| Complete |  0
|  51|0x000000070a600000, 0x000000070a800000, 0x000000070a800000|100%| E|CS|TAMS 0x000000070a600000| PB 0x000000070a600000| Complete |  0
|  52|0x000000070a800000, 0x000000070aa00000, 0x000000070aa00000|100%| E|CS|TAMS 0x000000070a800000| PB 0x000000070a800000| Complete |  0
|  53|0x000000070aa00000, 0x000000070ac00000, 0x000000070ac00000|100%| E|CS|TAMS 0x000000070aa00000| PB 0x000000070aa00000| Complete |  0
|  54|0x000000070ac00000, 0x000000070ae00000, 0x000000070ae00000|100%| E|CS|TAMS 0x000000070ac00000| PB 0x000000070ac00000| Complete |  0
|  55|0x000000070ae00000, 0x000000070b000000, 0x000000070b000000|100%| E|CS|TAMS 0x000000070ae00000| PB 0x000000070ae00000| Complete |  0
|  56|0x000000070b000000, 0x000000070b200000, 0x000000070b200000|100%| E|CS|TAMS 0x000000070b000000| PB 0x000000070b000000| Complete |  0
|  57|0x000000070b200000, 0x000000070b400000, 0x000000070b400000|100%| E|CS|TAMS 0x000000070b200000| PB 0x000000070b200000| Complete |  0
|  58|0x000000070b400000, 0x000000070b600000, 0x000000070b600000|100%| E|CS|TAMS 0x000000070b400000| PB 0x000000070b400000| Complete |  0
|  59|0x000000070b600000, 0x000000070b800000, 0x000000070b800000|100%| E|CS|TAMS 0x000000070b600000| PB 0x000000070b600000| Complete |  0
|  60|0x000000070b800000, 0x000000070ba00000, 0x000000070ba00000|100%| E|CS|TAMS 0x000000070b800000| PB 0x000000070b800000| Complete |  0
|  61|0x000000070ba00000, 0x000000070bc00000, 0x000000070bc00000|100%| E|CS|TAMS 0x000000070ba00000| PB 0x000000070ba00000| Complete |  0
|  62|0x000000070bc00000, 0x000000070be00000, 0x000000070be00000|100%| E|CS|TAMS 0x000000070bc00000| PB 0x000000070bc00000| Complete |  0
|  63|0x000000070be00000, 0x000000070c000000, 0x000000070c000000|100%| E|CS|TAMS 0x000000070be00000| PB 0x000000070be00000| Complete |  0
|  64|0x000000070c000000, 0x000000070c200000, 0x000000070c200000|100%| E|CS|TAMS 0x000000070c000000| PB 0x000000070c000000| Complete |  0
|  92|0x000000070f800000, 0x000000070fa00000, 0x000000070fa00000|100%| E|CS|TAMS 0x000000070f800000| PB 0x000000070f800000| Complete |  0
|  93|0x000000070fa00000, 0x000000070fc00000, 0x000000070fc00000|100%| E|CS|TAMS 0x000000070fa00000| PB 0x000000070fa00000| Complete |  0
|  94|0x000000070fc00000, 0x000000070fe00000, 0x000000070fe00000|100%| E|CS|TAMS 0x000000070fc00000| PB 0x000000070fc00000| Complete |  0
|  95|0x000000070fe00000, 0x0000000710000000, 0x0000000710000000|100%| E|CS|TAMS 0x000000070fe00000| PB 0x000000070fe00000| Complete |  0
| 125|0x0000000713a00000, 0x0000000713c00000, 0x0000000713c00000|100%| E|CS|TAMS 0x0000000713a00000| PB 0x0000000713a00000| Complete |  0

Card table byte_map: [0x0000024ef5b60000,0x0000024ef6340000] _byte_map_base: 0x0000024ef2340000

Marking Bits: (CMBitMap*) 0x0000024edd66aff0
 Bits: [0x0000024ef6340000, 0x0000024efa240000)

Polling page: 0x0000024edb5e0000

Metaspace:

Usage:
  Non-class:     20.85 MB used.
      Class:      3.47 MB used.
       Both:     24.32 MB used.

Virtual space:
  Non-class space:       64.00 MB reserved,      21.12 MB ( 33%) committed,  1 nodes.
      Class space:        1.00 GB reserved,       3.69 MB ( <1%) committed,  1 nodes.
             Both:        1.06 GB reserved,      24.81 MB (  2%) committed. 

Chunk freelists:
   Non-Class:  10.53 MB
       Class:  12.14 MB
        Both:  22.67 MB

MaxMetaspaceSize: unlimited
CompressedClassSpaceSize: 1.00 GB
Initial GC threshold: 21.00 MB
Current GC threshold: 41.25 MB
CDS: on
 - commit_granule_bytes: 65536.
 - commit_granule_words: 8192.
 - virtual_space_node_default_size: 8388608.
 - enlarge_chunks_in_place: 1.
 - use_allocation_guard: 0.


Internal statistics:

num_allocs_failed_limit: 3.
num_arena_births: 566.
num_arena_deaths: 0.
num_vsnodes_births: 2.
num_vsnodes_deaths: 0.
num_space_committed: 397.
num_space_uncommitted: 0.
num_chunks_returned_to_freelist: 3.
num_chunks_taken_from_freelist: 1419.
num_chunk_merges: 3.
num_chunk_splits: 949.
num_chunks_enlarged: 650.
num_inconsistent_stats: 0.

CodeHeap 'non-profiled nmethods': size=120064Kb used=2636Kb max_used=2636Kb free=117427Kb
 bounds [0x0000024eed7d0000, 0x0000024eeda70000, 0x0000024ef4d10000]
CodeHeap 'profiled nmethods': size=120000Kb used=7648Kb max_used=8260Kb free=112351Kb
 bounds [0x0000024ee5d10000, 0x0000024ee6530000, 0x0000024eed240000]
CodeHeap 'non-nmethods': size=5696Kb used=2124Kb max_used=2204Kb free=3571Kb
 bounds [0x0000024eed240000, 0x0000024eed4b0000, 0x0000024eed7d0000]
CodeCache: size=245760Kb, used=12408Kb, max_used=13100Kb, free=233349Kb
 total_blobs=6034, nmethods=5108, adapters=830, full_count=0
Compilation: enabled, stopped_count=0, restarted_count=0

Compilation events (20 events):
Event: 14.915 Thread 0x0000024ec50566a0 6064       3       java.lang.Throwable::<init> (43 bytes)
Event: 14.915 Thread 0x0000024ec50566a0 nmethod 6064 0x0000024ee63a4208 code [0x0000024ee63a4360, 0x0000024ee63a4778]
Event: 14.923 Thread 0x0000024ec50566a0 6065       3       javafx.fxml.FXMLLoader::constructFXMLTrace (103 bytes)
Event: 14.923 Thread 0x0000024ec50566a0 nmethod 6065 0x0000024ee6095808 code [0x0000024ee6095aa0, 0x0000024ee6096b20]
Event: 14.923 Thread 0x0000024ec50566a0 6066       3       javafx.fxml.LoadException::<init> (7 bytes)
Event: 14.924 Thread 0x0000024ec50566a0 nmethod 6066 0x0000024ee5d89388 code [0x0000024ee5d894c0, 0x0000024ee5d896b0]
Event: 14.924 Thread 0x0000024ec50566a0 6067       3       java.lang.Throwable::printStackTrace (8 bytes)
Event: 14.924 Thread 0x0000024ec50566a0 nmethod 6067 0x0000024ee6057f08 code [0x0000024ee6058060, 0x0000024ee6058470]
Event: 14.962 Thread 0x0000024ec50566a0 6068       3       java.util.ConcurrentModificationException::<init> (5 bytes)
Event: 14.962 Thread 0x0000024ec50566a0 nmethod 6068 0x0000024ee5ed0208 code [0x0000024ee5ed0340, 0x0000024ee5ed0530]
Event: 14.969 Thread 0x0000024ec50566a0 6069   !   3       java.io.PrintStream::println (44 bytes)
Event: 14.970 Thread 0x0000024ec50566a0 nmethod 6069 0x0000024ee6030808 code [0x0000024ee60309a0, 0x0000024ee6031008]
Event: 14.998 Thread 0x0000024ec5052c00 6070  s    4       java.lang.Throwable::fillInStackTrace (29 bytes)
Event: 14.999 Thread 0x0000024ec5052c00 nmethod 6070 0x0000024eeda63008 code [0x0000024eeda63120, 0x0000024eeda63550]
Event: 15.400 Thread 0x0000024ec50566a0 6071       3       java.util.IdentityHashMap::isEmpty (13 bytes)
Event: 15.400 Thread 0x0000024ec50566a0 nmethod 6071 0x0000024ee5e29808 code [0x0000024ee5e29920, 0x0000024ee5e29a78]
Event: 15.400 Thread 0x0000024ec50566a0 6072       3       java.util.IdentityHashMap::keySet (25 bytes)
Event: 15.401 Thread 0x0000024ec50566a0 nmethod 6072 0x0000024ee5e31488 code [0x0000024ee5e315c0, 0x0000024ee5e319a0]
Event: 15.401 Thread 0x0000024ec50566a0 6073       3       java.util.IdentityHashMap$KeySet::<init> (10 bytes)
Event: 15.401 Thread 0x0000024ec50566a0 nmethod 6073 0x0000024ee5e0ee08 code [0x0000024ee5e0ef40, 0x0000024ee5e0f1c8]

GC Heap History (20 events):
Event: 13.326 GC heap before
{Heap before GC invocations=21 (full 0):
 garbage-first heap   total reserved 4128768K, committed 141312K, used 127286K [0x0000000704000000, 0x0000000800000000)
  region size 2048K, 22 young (45056K), 1 survivors (2048K)
 Metaspace       used 24893K, committed 25344K, reserved 1114112K
  class space    used 3553K, committed 3776K, reserved 1048576K
}
Event: 13.328 GC heap after
{Heap after GC invocations=22 (full 0):
 garbage-first heap   total reserved 4128768K, committed 141312K, used 84025K [0x0000000704000000, 0x0000000800000000)
  region size 2048K, 1 young (2048K), 1 survivors (2048K)
 Metaspace       used 24893K, committed 25344K, reserved 1114112K
  class space    used 3553K, committed 3776K, reserved 1048576K
}
Event: 13.519 GC heap before
{Heap before GC invocations=23 (full 0):
 garbage-first heap   total reserved 4128768K, committed 143360K, used 129081K [0x0000000704000000, 0x0000000800000000)
  region size 2048K, 23 young (47104K), 1 survivors (2048K)
 Metaspace       used 24893K, committed 25344K, reserved 1114112K
  class space    used 3553K, committed 3776K, reserved 1048576K
}
Event: 13.520 GC heap after
{Heap after GC invocations=24 (full 0):
 garbage-first heap   total reserved 4128768K, committed 143360K, used 84033K [0x0000000704000000, 0x0000000800000000)
  region size 2048K, 1 young (2048K), 1 survivors (2048K)
 Metaspace       used 24893K, committed 25344K, reserved 1114112K
  class space    used 3553K, committed 3776K, reserved 1048576K
}
Event: 13.711 GC heap before
{Heap before GC invocations=24 (full 0):
 garbage-first heap   total reserved 4128768K, committed 143360K, used 131137K [0x0000000704000000, 0x0000000800000000)
  region size 2048K, 24 young (49152K), 1 survivors (2048K)
 Metaspace       used 24895K, committed 25344K, reserved 1114112K
  class space    used 3553K, committed 3776K, reserved 1048576K
}
Event: 13.712 GC heap after
{Heap after GC invocations=25 (full 0):
 garbage-first heap   total reserved 4128768K, committed 143360K, used 82380K [0x0000000704000000, 0x0000000800000000)
  region size 2048K, 1 young (2048K), 1 survivors (2048K)
 Metaspace       used 24895K, committed 25344K, reserved 1114112K
  class space    used 3553K, committed 3776K, reserved 1048576K
}
Event: 13.905 GC heap before
{Heap before GC invocations=25 (full 0):
 garbage-first heap   total reserved 4128768K, committed 143360K, used 129484K [0x0000000704000000, 0x0000000800000000)
  region size 2048K, 24 young (49152K), 1 survivors (2048K)
 Metaspace       used 24898K, committed 25408K, reserved 1114112K
  class space    used 3553K, committed 3776K, reserved 1048576K
}
Event: 13.906 GC heap after
{Heap after GC invocations=26 (full 0):
 garbage-first heap   total reserved 4128768K, committed 143360K, used 82317K [0x0000000704000000, 0x0000000800000000)
  region size 2048K, 1 young (2048K), 1 survivors (2048K)
 Metaspace       used 24898K, committed 25408K, reserved 1114112K
  class space    used 3553K, committed 3776K, reserved 1048576K
}
Event: 14.095 GC heap before
{Heap before GC invocations=27 (full 0):
 garbage-first heap   total reserved 4128768K, committed 143360K, used 127373K [0x0000000704000000, 0x0000000800000000)
  region size 2048K, 24 young (49152K), 1 survivors (2048K)
 Metaspace       used 24898K, committed 25408K, reserved 1114112K
  class space    used 3553K, committed 3776K, reserved 1048576K
}
Event: 14.096 GC heap after
{Heap after GC invocations=28 (full 0):
 garbage-first heap   total reserved 4128768K, committed 143360K, used 80318K [0x0000000704000000, 0x0000000800000000)
  region size 2048K, 1 young (2048K), 1 survivors (2048K)
 Metaspace       used 24898K, committed 25408K, reserved 1114112K
  class space    used 3553K, committed 3776K, reserved 1048576K
}
Event: 14.286 GC heap before
{Heap before GC invocations=28 (full 0):
 garbage-first heap   total reserved 4128768K, committed 143360K, used 129470K [0x0000000704000000, 0x0000000800000000)
  region size 2048K, 25 young (51200K), 1 survivors (2048K)
 Metaspace       used 24898K, committed 25408K, reserved 1114112K
  class space    used 3553K, committed 3776K, reserved 1048576K
}
Event: 14.287 GC heap after
{Heap after GC invocations=29 (full 0):
 garbage-first heap   total reserved 4128768K, committed 143360K, used 79204K [0x0000000704000000, 0x0000000800000000)
  region size 2048K, 1 young (2048K), 1 survivors (2048K)
 Metaspace       used 24898K, committed 25408K, reserved 1114112K
  class space    used 3553K, committed 3776K, reserved 1048576K
}
Event: 14.534 GC heap before
{Heap before GC invocations=29 (full 0):
 garbage-first heap   total reserved 4128768K, committed 143360K, used 130404K [0x0000000704000000, 0x0000000800000000)
  region size 2048K, 26 young (53248K), 1 survivors (2048K)
 Metaspace       used 24898K, committed 25408K, reserved 1114112K
  class space    used 3553K, committed 3776K, reserved 1048576K
}
Event: 14.536 GC heap after
{Heap after GC invocations=30 (full 0):
 garbage-first heap   total reserved 4128768K, committed 143360K, used 79209K [0x0000000704000000, 0x0000000800000000)
  region size 2048K, 1 young (2048K), 1 survivors (2048K)
 Metaspace       used 24898K, committed 25408K, reserved 1114112K
  class space    used 3553K, committed 3776K, reserved 1048576K
}
Event: 14.785 GC heap before
{Heap before GC invocations=31 (full 0):
 garbage-first heap   total reserved 4128768K, committed 143360K, used 126313K [0x0000000704000000, 0x0000000800000000)
  region size 2048K, 26 young (53248K), 1 survivors (2048K)
 Metaspace       used 24898K, committed 25408K, reserved 1114112K
  class space    used 3553K, committed 3776K, reserved 1048576K
}
Event: 14.786 GC heap after
{Heap after GC invocations=32 (full 0):
 garbage-first heap   total reserved 4128768K, committed 143360K, used 77269K [0x0000000704000000, 0x0000000800000000)
  region size 2048K, 1 young (2048K), 1 survivors (2048K)
 Metaspace       used 24898K, committed 25408K, reserved 1114112K
  class space    used 3553K, committed 3776K, reserved 1048576K
}
Event: 15.002 GC heap before
{Heap before GC invocations=32 (full 0):
 garbage-first heap   total reserved 4128768K, committed 143360K, used 130517K [0x0000000704000000, 0x0000000800000000)
  region size 2048K, 27 young (55296K), 1 survivors (2048K)
 Metaspace       used 24901K, committed 25408K, reserved 1114112K
  class space    used 3553K, committed 3776K, reserved 1048576K
}
Event: 15.003 GC heap after
{Heap after GC invocations=33 (full 0):
 garbage-first heap   total reserved 4128768K, committed 143360K, used 75273K [0x0000000704000000, 0x0000000800000000)
  region size 2048K, 1 young (2048K), 1 survivors (2048K)
 Metaspace       used 24901K, committed 25408K, reserved 1114112K
  class space    used 3553K, committed 3776K, reserved 1048576K
}
Event: 15.214 GC heap before
{Heap before GC invocations=33 (full 0):
 garbage-first heap   total reserved 4128768K, committed 143360K, used 130569K [0x0000000704000000, 0x0000000800000000)
  region size 2048K, 28 young (57344K), 1 survivors (2048K)
 Metaspace       used 24901K, committed 25408K, reserved 1114112K
  class space    used 3553K, committed 3776K, reserved 1048576K
}
Event: 15.216 GC heap after
{Heap after GC invocations=34 (full 0):
 garbage-first heap   total reserved 4128768K, committed 143360K, used 75282K [0x0000000704000000, 0x0000000800000000)
  region size 2048K, 1 young (2048K), 1 survivors (2048K)
 Metaspace       used 24901K, committed 25408K, reserved 1114112K
  class space    used 3553K, committed 3776K, reserved 1048576K
}

Dll operation events (20 events):
Event: 0.308 Loaded shared library C:\Users\ASUS TUF GAMING F15\.openjfx\cache\23+29\amd64\api-ms-win-crt-multibyte-l1-1-0.dll
Event: 0.311 Loaded shared library C:\Users\ASUS TUF GAMING F15\.openjfx\cache\23+29\amd64\api-ms-win-crt-private-l1-1-0.dll
Event: 0.314 Loaded shared library C:\Users\ASUS TUF GAMING F15\.openjfx\cache\23+29\amd64\api-ms-win-crt-process-l1-1-0.dll
Event: 0.316 Loaded shared library C:\Users\ASUS TUF GAMING F15\.openjfx\cache\23+29\amd64\api-ms-win-crt-runtime-l1-1-0.dll
Event: 0.319 Loaded shared library C:\Users\ASUS TUF GAMING F15\.openjfx\cache\23+29\amd64\api-ms-win-crt-stdio-l1-1-0.dll
Event: 0.321 Loaded shared library C:\Users\ASUS TUF GAMING F15\.openjfx\cache\23+29\amd64\api-ms-win-crt-string-l1-1-0.dll
Event: 0.324 Loaded shared library C:\Users\ASUS TUF GAMING F15\.openjfx\cache\23+29\amd64\api-ms-win-crt-time-l1-1-0.dll
Event: 0.326 Loaded shared library C:\Users\ASUS TUF GAMING F15\.openjfx\cache\23+29\amd64\api-ms-win-crt-utility-l1-1-0.dll
Event: 0.336 Loaded shared library C:\Users\ASUS TUF GAMING F15\.openjfx\cache\23+29\amd64\ucrtbase.dll
Event: 0.340 Loaded shared library C:\Users\ASUS TUF GAMING F15\.openjfx\cache\23+29\amd64\vcruntime140.dll
Event: 0.342 Loaded shared library C:\Users\ASUS TUF GAMING F15\.openjfx\cache\23+29\amd64\vcruntime140_1.dll
Event: 0.349 Loaded shared library C:\Users\ASUS TUF GAMING F15\.openjfx\cache\23+29\amd64\msvcp140.dll
Event: 0.352 Loaded shared library C:\Users\ASUS TUF GAMING F15\.openjfx\cache\23+29\amd64\msvcp140_1.dll
Event: 0.356 Loaded shared library C:\Users\ASUS TUF GAMING F15\.openjfx\cache\23+29\amd64\msvcp140_2.dll
Event: 0.381 Loaded shared library C:\Users\ASUS TUF GAMING F15\.openjfx\cache\23+29\amd64\prism_d3d.dll
Event: 0.425 Loaded shared library C:\Users\ASUS TUF GAMING F15\.openjfx\cache\23+29\amd64\glass.dll
Event: 0.543 Loaded shared library C:\Users\ASUS TUF GAMING F15\.jdks\openjdk-23\bin\jimage.dll
Event: 0.793 Loaded shared library C:\Users\ASUS TUF GAMING F15\.openjfx\cache\23+29\amd64\javafx_font.dll
Event: 7.016 Loaded shared library C:\Users\ASUS TUF GAMING F15\.jdks\openjdk-23\bin\verify.dll
Event: 7.115 Loaded shared library C:\Users\ASUS TUF GAMING F15\.openjfx\cache\23+29\amd64\javafx_iio.dll

Deoptimization events (20 events):
Event: 15.366 Thread 0x0000024ec64e5090 Uncommon trap: trap_request=0xffffff9d fr.pc=0x0000024eed998990 relative=0x0000000000001150
Event: 15.366 Thread 0x0000024ec64e5090 Uncommon trap: reason=unreached action=reinterpret pc=0x0000024eed998990 method=jdk.internal.reflect.DirectMethodHandleAccessor.invoke(Ljava/lang/Object;[Ljava/lang/Object;)Ljava/lang/Object; @ 82 c2
Event: 15.366 Thread 0x0000024ec64e5090 DEOPT PACKING pc=0x0000024eed998990 sp=0x00000058f4776a80
Event: 15.366 Thread 0x0000024ec64e5090 DEOPT UNPACKING pc=0x0000024eed297982 sp=0x00000058f4776500 mode 2
Event: 15.374 Thread 0x0000024ec64e5090 Uncommon trap: trap_request=0xffffff9d fr.pc=0x0000024eed998990 relative=0x0000000000001150
Event: 15.374 Thread 0x0000024ec64e5090 Uncommon trap: reason=unreached action=reinterpret pc=0x0000024eed998990 method=jdk.internal.reflect.DirectMethodHandleAccessor.invoke(Ljava/lang/Object;[Ljava/lang/Object;)Ljava/lang/Object; @ 82 c2
Event: 15.374 Thread 0x0000024ec64e5090 DEOPT PACKING pc=0x0000024eed998990 sp=0x00000058f4776fc0
Event: 15.374 Thread 0x0000024ec64e5090 DEOPT UNPACKING pc=0x0000024eed297982 sp=0x00000058f4776a40 mode 2
Event: 15.382 Thread 0x0000024ec64e5090 Uncommon trap: trap_request=0xffffff9d fr.pc=0x0000024eed998990 relative=0x0000000000001150
Event: 15.382 Thread 0x0000024ec64e5090 Uncommon trap: reason=unreached action=reinterpret pc=0x0000024eed998990 method=jdk.internal.reflect.DirectMethodHandleAccessor.invoke(Ljava/lang/Object;[Ljava/lang/Object;)Ljava/lang/Object; @ 82 c2
Event: 15.382 Thread 0x0000024ec64e5090 DEOPT PACKING pc=0x0000024eed998990 sp=0x00000058f4777500
Event: 15.382 Thread 0x0000024ec64e5090 DEOPT UNPACKING pc=0x0000024eed297982 sp=0x00000058f4776f80 mode 2
Event: 15.392 Thread 0x0000024ec64e5090 Uncommon trap: trap_request=0xffffff9d fr.pc=0x0000024eed998990 relative=0x0000000000001150
Event: 15.392 Thread 0x0000024ec64e5090 Uncommon trap: reason=unreached action=reinterpret pc=0x0000024eed998990 method=jdk.internal.reflect.DirectMethodHandleAccessor.invoke(Ljava/lang/Object;[Ljava/lang/Object;)Ljava/lang/Object; @ 82 c2
Event: 15.392 Thread 0x0000024ec64e5090 DEOPT PACKING pc=0x0000024eed998990 sp=0x00000058f4777a40
Event: 15.392 Thread 0x0000024ec64e5090 DEOPT UNPACKING pc=0x0000024eed297982 sp=0x00000058f47774c0 mode 2
Event: 15.400 Thread 0x0000024ec64e5090 Uncommon trap: trap_request=0xffffff9d fr.pc=0x0000024eed998990 relative=0x0000000000001150
Event: 15.400 Thread 0x0000024ec64e5090 Uncommon trap: reason=unreached action=reinterpret pc=0x0000024eed998990 method=jdk.internal.reflect.DirectMethodHandleAccessor.invoke(Ljava/lang/Object;[Ljava/lang/Object;)Ljava/lang/Object; @ 82 c2
Event: 15.400 Thread 0x0000024ec64e5090 DEOPT PACKING pc=0x0000024eed998990 sp=0x00000058f4777f80
Event: 15.400 Thread 0x0000024ec64e5090 DEOPT UNPACKING pc=0x0000024eed297982 sp=0x00000058f4777a00 mode 2

Classes loaded (20 events):
Event: 8.219 Loading class javax/net/ssl/SSLSocket
Event: 8.219 Loading class javax/net/ssl/SSLSocket done
Event: 8.226 Loading class sun/util/resources/LocaleData$CommonResourceBundleProvider
Event: 8.226 Loading class sun/util/resources/LocaleData$LocaleDataResourceBundleProvider
Event: 8.226 Loading class java/util/spi/ResourceBundleProvider
Event: 8.226 Loading class java/util/spi/ResourceBundleProvider done
Event: 8.226 Loading class sun/util/resources/LocaleData$LocaleDataResourceBundleProvider done
Event: 8.226 Loading class sun/util/resources/LocaleData$CommonResourceBundleProvider done
Event: 8.226 Loading class sun/util/resources/Bundles$2
Event: 8.226 Loading class sun/util/resources/Bundles$2 done
Event: 12.678 Loading class java/lang/invoke/WrongMethodTypeException
Event: 12.678 Loading class java/lang/invoke/WrongMethodTypeException done
Event: 12.679 Loading class java/lang/Throwable$WrappedPrintStream
Event: 12.679 Loading class java/lang/Throwable$PrintStreamOrWriter
Event: 12.679 Loading class java/lang/Throwable$PrintStreamOrWriter done
Event: 12.679 Loading class java/lang/Throwable$WrappedPrintStream done
Event: 12.709 Loading class java/lang/foreign/MemorySegment
Event: 12.709 Loading class java/lang/foreign/MemorySegment done
Event: 15.400 Loading class jdk/internal/misc/Signal$1
Event: 15.400 Loading class jdk/internal/misc/Signal$1 done

Classes unloaded (0 events):
No events

Classes redefined (0 events):
No events

Internal exceptions (20 events):
Event: 9.039 Thread 0x0000024ec64e5090 Exception <a 'java/lang/NoSuchMethodError'{0x000000070843ce20}: 'java.lang.Object java.lang.invoke.DirectMethodHandle$Holder.newInvokeSpecial(java.lang.Object, double)'> (0x000000070843ce20) 
thrown [s\open\src\hotspot\share\interpreter\linkResolver.cpp, line 796]
Event: 9.732 Thread 0x0000024ec64e5090 Exception <a 'java/io/FileNotFoundException'{0x00000007083c47a8}> (0x00000007083c47a8) 
thrown [s\open\src\hotspot\share\prims\jni.cpp, line 520]
Event: 9.732 Thread 0x0000024ec64e5090 Exception <a 'java/io/FileNotFoundException'{0x00000007083c60a8}> (0x00000007083c60a8) 
thrown [s\open\src\hotspot\share\prims\jni.cpp, line 520]
Event: 9.732 Thread 0x0000024ec64e5090 Exception <a 'java/io/FileNotFoundException'{0x00000007083c79c0}> (0x00000007083c79c0) 
thrown [s\open\src\hotspot\share\prims\jni.cpp, line 520]
Event: 9.732 Thread 0x0000024ec64e5090 Exception <a 'java/io/FileNotFoundException'{0x00000007083c9580}> (0x00000007083c9580) 
thrown [s\open\src\hotspot\share\prims\jni.cpp, line 520]
Event: 11.900 Thread 0x0000024ec64e5090 Implicit null exception at 0x0000024eed856279 to 0x0000024eed856c24
Event: 12.134 Thread 0x0000024ec64e5090 Implicit null exception at 0x0000024eed9abe91 to 0x0000024eed9ad264
Event: 12.677 Thread 0x0000024ec64e5090 StackOverflowError at 0x0000024eed7dc290
Event: 12.678 Thread 0x0000024ec64e5090 Exception <a 'java/lang/StackOverflowError'{0x000000070be4b418}> (0x000000070be4b418) 
thrown [s\open\src\hotspot\share\runtime\sharedRuntime.cpp, line 627]
Event: 12.702 Thread 0x0000024ec64e5090 Exception <a 'java/lang/StackOverflowError'{0x000000070bc548d8}> (0x000000070bc548d8) 
thrown [s\open\src\hotspot\share\runtime\javaCalls.cpp, line 386]
Event: 12.716 Thread 0x0000024ec64e5090 Exception <a 'java/lang/StackOverflowError'{0x000000070ba5d560}> (0x000000070ba5d560) 
thrown [s\open\src\hotspot\share\runtime\javaCalls.cpp, line 386]
Event: 12.730 Thread 0x0000024ec64e5090 Exception <a 'java/lang/StackOverflowError'{0x000000070b866128}> (0x000000070b866128) 
thrown [s\open\src\hotspot\share\runtime\javaCalls.cpp, line 386]
Event: 12.743 Thread 0x0000024ec64e5090 Exception <a 'java/lang/StackOverflowError'{0x000000070b66f030}> (0x000000070b66f030) 
thrown [s\open\src\hotspot\share\runtime\javaCalls.cpp, line 386]
Event: 12.754 Thread 0x0000024ec64e5090 Exception <a 'java/lang/StackOverflowError'{0x000000070b4669a8}> (0x000000070b4669a8) 
thrown [s\open\src\hotspot\share\runtime\javaCalls.cpp, line 386]
Event: 12.764 Thread 0x0000024ec64e5090 Exception <a 'java/lang/StackOverflowError'{0x000000070b245558}> (0x000000070b245558) 
thrown [s\open\src\hotspot\share\runtime\javaCalls.cpp, line 386]
Event: 12.775 Thread 0x0000024ec64e5090 Exception <a 'java/lang/StackOverflowError'{0x000000070b024118}> (0x000000070b024118) 
thrown [s\open\src\hotspot\share\runtime\javaCalls.cpp, line 386]
Event: 12.784 Thread 0x0000024ec64e5090 Exception <a 'java/lang/StackOverflowError'{0x000000070ae02c78}> (0x000000070ae02c78) 
thrown [s\open\src\hotspot\share\runtime\javaCalls.cpp, line 386]
Event: 12.795 Thread 0x0000024ec64e5090 Exception <a 'java/lang/StackOverflowError'{0x000000070afe1560}> (0x000000070afe1560) 
thrown [s\open\src\hotspot\share\runtime\javaCalls.cpp, line 386]
Event: 12.808 Thread 0x0000024ec64e5090 StackOverflowError at 0x0000024eed7d50b0
Event: 12.808 Thread 0x0000024ec64e5090 Exception <a 'java/lang/StackOverflowError'{0x000000070adc0130}> (0x000000070adc0130) 
thrown [s\open\src\hotspot\share\runtime\sharedRuntime.cpp, line 627]

VM Operations (20 events):
Event: 14.096 Executing VM operation: G1CollectForAllocation (G1 Evacuation Pause) done
Event: 14.286 Executing VM operation: G1CollectForAllocation (G1 Evacuation Pause)
Event: 14.287 Executing VM operation: G1CollectForAllocation (G1 Evacuation Pause) done
Event: 14.534 Executing VM operation: G1CollectForAllocation (G1 Evacuation Pause)
Event: 14.536 Executing VM operation: G1CollectForAllocation (G1 Evacuation Pause) done
Event: 14.554 Executing VM operation: G1PauseRemark
Event: 14.556 Executing VM operation: G1PauseRemark done
Event: 14.561 Executing VM operation: G1PauseCleanup
Event: 14.561 Executing VM operation: G1PauseCleanup done
Event: 14.785 Executing VM operation: G1CollectForAllocation (G1 Evacuation Pause)
Event: 14.786 Executing VM operation: G1CollectForAllocation (G1 Evacuation Pause) done
Event: 15.002 Executing VM operation: G1CollectForAllocation (G1 Evacuation Pause)
Event: 15.003 Executing VM operation: G1CollectForAllocation (G1 Evacuation Pause) done
Event: 15.214 Executing VM operation: G1CollectForAllocation (G1 Evacuation Pause)
Event: 15.216 Executing VM operation: G1CollectForAllocation (G1 Evacuation Pause) done
Event: 15.233 Executing VM operation: G1PauseRemark
Event: 15.236 Executing VM operation: G1PauseRemark done
Event: 15.239 Executing VM operation: G1PauseCleanup
Event: 15.239 Executing VM operation: G1PauseCleanup done
Event: 15.402 Executing VM operation: Exit

Memory protections (0 events):
No events

Nmethod flushes (20 events):
Event: 13.924 Thread 0x0000024efc8fb6b0 flushing  nmethod 0x0000024ee60d4708
Event: 13.924 Thread 0x0000024efc8fb6b0 flushing osr nmethod 0x0000024ee63be208
Event: 13.924 Thread 0x0000024efc8fb6b0 flushing osr nmethod 0x0000024ee63be908
Event: 13.924 Thread 0x0000024efc8fb6b0 flushing  nmethod 0x0000024ee63c0008
Event: 13.924 Thread 0x0000024efc8fb6b0 flushing  nmethod 0x0000024ee63c2488
Event: 13.924 Thread 0x0000024efc8fb6b0 flushing  nmethod 0x0000024ee63c3b08
Event: 13.924 Thread 0x0000024efc8fb6b0 flushing  nmethod 0x0000024ee5d81e88
Event: 13.924 Thread 0x0000024efc8fb6b0 flushing  nmethod 0x0000024ee5fa3788
Event: 13.924 Thread 0x0000024efc8fb6b0 flushing  nmethod 0x0000024ee5fa7f08
Event: 13.924 Thread 0x0000024efc8fb6b0 flushing  nmethod 0x0000024ee5fa8488
Event: 13.924 Thread 0x0000024efc8fb6b0 flushing  nmethod 0x0000024ee5ff5008
Event: 13.924 Thread 0x0000024efc8fb6b0 flushing  nmethod 0x0000024ee6041508
Event: 13.924 Thread 0x0000024efc8fb6b0 flushing  nmethod 0x0000024ee6060a08
Event: 13.924 Thread 0x0000024efc8fb6b0 flushing  nmethod 0x0000024ee609a788
Event: 13.924 Thread 0x0000024efc8fb6b0 flushing  nmethod 0x0000024ee6236108
Event: 13.924 Thread 0x0000024efc8fb6b0 flushing  nmethod 0x0000024ee62cc508
Event: 13.924 Thread 0x0000024efc8fb6b0 flushing  nmethod 0x0000024ee644b188
Event: 13.924 Thread 0x0000024efc8fb6b0 flushing  nmethod 0x0000024ee646d488
Event: 14.555 Thread 0x0000024efc8fb6b0 flushing  nmethod 0x0000024ee63b9488
Event: 14.555 Thread 0x0000024efc8fb6b0 flushing  nmethod 0x0000024ee6000d08

Events (20 events):
Event: 7.523 Thread 0x0000024ecf4f2dd0 Thread exited: 0x0000024ecf4f2dd0
Event: 8.235 Thread 0x0000024ec50566a0 Thread added: 0x0000024ec6bcb310
Event: 8.513 Thread 0x0000024ec6bcb310 Thread exited: 0x0000024ec6bcb310
Event: 8.740 Thread 0x0000024ec50566a0 Thread added: 0x0000024ec6e741d0
Event: 8.956 Thread 0x0000024ec6e741d0 Thread exited: 0x0000024ec6e741d0
Event: 9.085 Thread 0x0000024ec50566a0 Thread added: 0x0000024ec518ab30
Event: 9.480 Thread 0x0000024ec518ab30 Thread exited: 0x0000024ec518ab30
Event: 9.731 Thread 0x0000024ec50566a0 Thread added: 0x0000024ecfa7a100
Event: 10.013 Thread 0x0000024ecfa7a100 Thread exited: 0x0000024ecfa7a100
Event: 11.770 Thread 0x0000024ec50566a0 Thread added: 0x0000024ec58a3dd0
Event: 11.991 Thread 0x0000024ec50566a0 Thread added: 0x0000024ecf6b4ba0
Event: 13.018 Thread 0x0000024ecf6b4ba0 Thread exited: 0x0000024ecf6b4ba0
Event: 13.021 Thread 0x0000024ec58a3dd0 Thread exited: 0x0000024ec58a3dd0
Event: 15.400 Thread 0x0000024ec503fc40 Thread added: 0x0000024ec71e05f0
Event: 15.401 Thread 0x0000024ec71e05f0 Thread added: 0x0000024ec71e2030
Event: 15.401 Thread 0x0000024ec71e05f0 Thread added: 0x0000024ec71df240
Event: 15.401 Thread 0x0000024ec71df240 Thread exited: 0x0000024ec71df240
Event: 15.402 Thread 0x0000024ec71e2030 Thread exited: 0x0000024ec71e2030
Event: 15.402 Thread 0x0000024ec71e05f0 Before exit entered
Event: 15.402 Thread 0x0000024ec503fc40 Thread exited: 0x0000024ec503fc40


Dynamic libraries:
0x00007ff6a9360000 - 0x00007ff6a936e000 	C:\Users\ASUS TUF GAMING F15\.jdks\openjdk-23\bin\java.exe
0x00007ff902af0000 - 0x00007ff902d07000 	C:\WINDOWS\SYSTEM32\ntdll.dll
0x00007ff902550000 - 0x00007ff902614000 	C:\WINDOWS\System32\KERNEL32.DLL
0x00007ff8ffe00000 - 0x00007ff9001b7000 	C:\WINDOWS\System32\KERNELBASE.dll
0x00007ff9003a0000 - 0x00007ff9004b1000 	C:\WINDOWS\System32\ucrtbase.dll
0x00007ff8f5540000 - 0x00007ff8f5557000 	C:\Users\ASUS TUF GAMING F15\.jdks\openjdk-23\bin\jli.dll
0x00007ff8e8ae0000 - 0x00007ff8e8afb000 	C:\Users\ASUS TUF GAMING F15\.jdks\openjdk-23\bin\VCRUNTIME140.dll
0x00007ff902270000 - 0x00007ff90241f000 	C:\WINDOWS\System32\USER32.dll
0x00007ff9004c0000 - 0x00007ff9004e6000 	C:\WINDOWS\System32\win32u.dll
0x00007ff902730000 - 0x00007ff902759000 	C:\WINDOWS\System32\GDI32.dll
0x00007ff900280000 - 0x00007ff900398000 	C:\WINDOWS\System32\gdi32full.dll
0x00007ff8f1830000 - 0x00007ff8f1ac3000 	C:\WINDOWS\WinSxS\amd64_microsoft.windows.common-controls_6595b64144ccf1df_6.0.22621.3672_none_2713b9d173822955\COMCTL32.dll
0x00007ff9004f0000 - 0x00007ff90058a000 	C:\WINDOWS\System32\msvcp_win.dll
0x00007ff9015e0000 - 0x00007ff901687000 	C:\WINDOWS\System32\msvcrt.dll
0x00007ff9026d0000 - 0x00007ff902701000 	C:\WINDOWS\System32\IMM32.DLL
0x0000000071e20000 - 0x0000000071e2c000 	C:\Program Files (x86)\360\Total Security\safemon\SafeWrapper.dll
0x00007ff9013e0000 - 0x00007ff901492000 	C:\WINDOWS\System32\ADVAPI32.dll
0x00007ff901770000 - 0x00007ff901818000 	C:\WINDOWS\System32\sechost.dll
0x00007ff900700000 - 0x00007ff900728000 	C:\WINDOWS\System32\bcrypt.dll
0x00007ff9014a0000 - 0x00007ff9015b4000 	C:\WINDOWS\System32\RPCRT4.dll
0x00007ff83cd40000 - 0x00007ff83cdec000 	C:\Program Files (x86)\360\Total Security\safemon\libzdtp64.dll
0x00007ff901980000 - 0x00007ff9021e9000 	C:\WINDOWS\System32\SHELL32.dll
0x00007ff902200000 - 0x00007ff90225e000 	C:\WINDOWS\System32\SHLWAPI.dll
0x00007ff8ff880000 - 0x00007ff8ff88a000 	C:\WINDOWS\SYSTEM32\VERSION.dll
0x00007ff8f79a0000 - 0x00007ff8f79ac000 	C:\Users\ASUS TUF GAMING F15\.jdks\openjdk-23\bin\vcruntime140_1.dll
0x00007ff8cd410000 - 0x00007ff8cd49e000 	C:\Users\ASUS TUF GAMING F15\.jdks\openjdk-23\bin\msvcp140.dll
0x00007ff8aa170000 - 0x00007ff8aaebf000 	C:\Users\ASUS TUF GAMING F15\.jdks\openjdk-23\bin\server\jvm.dll
0x00007ff900830000 - 0x00007ff9008a1000 	C:\WINDOWS\System32\WS2_32.dll
0x00007ff8fec40000 - 0x00007ff8fec8d000 	C:\WINDOWS\SYSTEM32\POWRPROF.dll
0x00007ff8f5410000 - 0x00007ff8f5444000 	C:\WINDOWS\SYSTEM32\WINMM.dll
0x00007ff8fec20000 - 0x00007ff8fec33000 	C:\WINDOWS\SYSTEM32\UMPDC.dll
0x00007ff8feed0000 - 0x00007ff8feee8000 	C:\WINDOWS\SYSTEM32\kernel.appcore.dll
0x00007ff8f5530000 - 0x00007ff8f553a000 	C:\Users\ASUS TUF GAMING F15\.jdks\openjdk-23\bin\jimage.dll
0x00007ff8fd6d0000 - 0x00007ff8fd902000 	C:\WINDOWS\SYSTEM32\DBGHELP.DLL
0x00007ff900b60000 - 0x00007ff900eee000 	C:\WINDOWS\System32\combase.dll
0x00007ff901690000 - 0x00007ff901767000 	C:\WINDOWS\System32\OLEAUT32.dll
0x00007ff8d3c20000 - 0x00007ff8d3c52000 	C:\WINDOWS\SYSTEM32\dbgcore.DLL
0x00007ff9007a0000 - 0x00007ff90081b000 	C:\WINDOWS\System32\bcryptPrimitives.dll
0x00007ff8f5480000 - 0x00007ff8f548f000 	C:\Users\ASUS TUF GAMING F15\.jdks\openjdk-23\bin\instrument.dll
0x00007ff8e8ac0000 - 0x00007ff8e8ade000 	C:\Users\ASUS TUF GAMING F15\.jdks\openjdk-23\bin\java.dll
0x00007ff9008b0000 - 0x00007ff900a55000 	C:\WINDOWS\System32\ole32.dll
0x00007ff8fdd10000 - 0x00007ff8fe60f000 	C:\WINDOWS\SYSTEM32\windows.storage.dll
0x00007ff8fdbd0000 - 0x00007ff8fdd0f000 	C:\WINDOWS\SYSTEM32\wintypes.dll
0x00007ff900a60000 - 0x00007ff900b59000 	C:\WINDOWS\System32\SHCORE.dll
0x00007ff8ffd30000 - 0x00007ff8ffd57000 	C:\WINDOWS\SYSTEM32\profapi.dll
0x00007ff8cd330000 - 0x00007ff8cd407000 	C:\Users\ASUS TUF GAMING F15\.jdks\openjdk-23\bin\jsvml.dll
0x00007ff8f52a0000 - 0x00007ff8f52b0000 	C:\Users\ASUS TUF GAMING F15\.jdks\openjdk-23\bin\net.dll
0x00007ff8ff340000 - 0x00007ff8ff3a9000 	C:\WINDOWS\system32\mswsock.dll
0x00007ff8e8aa0000 - 0x00007ff8e8ab6000 	C:\Users\ASUS TUF GAMING F15\.jdks\openjdk-23\bin\nio.dll
0x00007ff8e8440000 - 0x00007ff8e8457000 	C:\Users\ASUS TUF GAMING F15\.jdks\openjdk-23\bin\zip.dll
0x00007ff8dd130000 - 0x00007ff8dd14a000 	C:\Users\ASUS TUF GAMING F15\IntelliJ IDEA 2024.1.4\bin\breakgen64.dll
0x0000024ec5c40000 - 0x0000024ec5c43000 	C:\Users\ASUS TUF GAMING F15\.openjfx\cache\23+29\amd64\api-ms-win-core-console-l1-1-0.dll
0x0000024ec5c50000 - 0x0000024ec5c53000 	C:\Users\ASUS TUF GAMING F15\.openjfx\cache\23+29\amd64\api-ms-win-core-console-l1-2-0.dll
0x0000024ec5c60000 - 0x0000024ec5c63000 	C:\Users\ASUS TUF GAMING F15\.openjfx\cache\23+29\amd64\api-ms-win-core-datetime-l1-1-0.dll
0x0000024ec5c70000 - 0x0000024ec5c73000 	C:\Users\ASUS TUF GAMING F15\.openjfx\cache\23+29\amd64\api-ms-win-core-debug-l1-1-0.dll
0x0000024ec5c80000 - 0x0000024ec5c83000 	C:\Users\ASUS TUF GAMING F15\.openjfx\cache\23+29\amd64\api-ms-win-core-errorhandling-l1-1-0.dll
0x0000024ec5c90000 - 0x0000024ec5c94000 	C:\Users\ASUS TUF GAMING F15\.openjfx\cache\23+29\amd64\api-ms-win-core-file-l1-1-0.dll
0x0000024ec5ca0000 - 0x0000024ec5ca3000 	C:\Users\ASUS TUF GAMING F15\.openjfx\cache\23+29\amd64\api-ms-win-core-file-l1-2-0.dll
0x0000024ec5cb0000 - 0x0000024ec5cb3000 	C:\Users\ASUS TUF GAMING F15\.openjfx\cache\23+29\amd64\api-ms-win-core-file-l2-1-0.dll
0x0000024ec5cc0000 - 0x0000024ec5cc3000 	C:\Users\ASUS TUF GAMING F15\.openjfx\cache\23+29\amd64\api-ms-win-core-handle-l1-1-0.dll
0x0000024ec5cd0000 - 0x0000024ec5cd3000 	C:\Users\ASUS TUF GAMING F15\.openjfx\cache\23+29\amd64\api-ms-win-core-heap-l1-1-0.dll
0x0000024ec5ce0000 - 0x0000024ec5ce3000 	C:\Users\ASUS TUF GAMING F15\.openjfx\cache\23+29\amd64\api-ms-win-core-interlocked-l1-1-0.dll
0x0000024ec5cf0000 - 0x0000024ec5cf3000 	C:\Users\ASUS TUF GAMING F15\.openjfx\cache\23+29\amd64\api-ms-win-core-libraryloader-l1-1-0.dll
0x0000024ec5d00000 - 0x0000024ec5d03000 	C:\Users\ASUS TUF GAMING F15\.openjfx\cache\23+29\amd64\api-ms-win-core-localization-l1-2-0.dll
0x0000024ec5d10000 - 0x0000024ec5d13000 	C:\Users\ASUS TUF GAMING F15\.openjfx\cache\23+29\amd64\api-ms-win-core-memory-l1-1-0.dll
0x0000024ec5d20000 - 0x0000024ec5d23000 	C:\Users\ASUS TUF GAMING F15\.openjfx\cache\23+29\amd64\api-ms-win-core-namedpipe-l1-1-0.dll
0x0000024ec5d30000 - 0x0000024ec5d33000 	C:\Users\ASUS TUF GAMING F15\.openjfx\cache\23+29\amd64\api-ms-win-core-processenvironment-l1-1-0.dll
0x0000024ec5d40000 - 0x0000024ec5d43000 	C:\Users\ASUS TUF GAMING F15\.openjfx\cache\23+29\amd64\api-ms-win-core-processthreads-l1-1-0.dll
0x0000024ec5d50000 - 0x0000024ec5d53000 	C:\Users\ASUS TUF GAMING F15\.openjfx\cache\23+29\amd64\api-ms-win-core-processthreads-l1-1-1.dll
0x0000024ec5d60000 - 0x0000024ec5d63000 	C:\Users\ASUS TUF GAMING F15\.openjfx\cache\23+29\amd64\api-ms-win-core-profile-l1-1-0.dll
0x0000024ec5d70000 - 0x0000024ec5d73000 	C:\Users\ASUS TUF GAMING F15\.openjfx\cache\23+29\amd64\api-ms-win-core-rtlsupport-l1-1-0.dll
0x0000024ec5d80000 - 0x0000024ec5d83000 	C:\Users\ASUS TUF GAMING F15\.openjfx\cache\23+29\amd64\api-ms-win-core-string-l1-1-0.dll
0x0000024ec5d90000 - 0x0000024ec5d93000 	C:\Users\ASUS TUF GAMING F15\.openjfx\cache\23+29\amd64\api-ms-win-core-synch-l1-1-0.dll
0x0000024ec5da0000 - 0x0000024ec5da3000 	C:\Users\ASUS TUF GAMING F15\.openjfx\cache\23+29\amd64\api-ms-win-core-synch-l1-2-0.dll
0x0000024ec5db0000 - 0x0000024ec5db3000 	C:\Users\ASUS TUF GAMING F15\.openjfx\cache\23+29\amd64\api-ms-win-core-sysinfo-l1-1-0.dll
0x0000024ec5dc0000 - 0x0000024ec5dc3000 	C:\Users\ASUS TUF GAMING F15\.openjfx\cache\23+29\amd64\api-ms-win-core-timezone-l1-1-0.dll
0x0000024ec5dd0000 - 0x0000024ec5dd3000 	C:\Users\ASUS TUF GAMING F15\.openjfx\cache\23+29\amd64\api-ms-win-core-util-l1-1-0.dll
0x0000024ec5de0000 - 0x0000024ec5de3000 	C:\Users\ASUS TUF GAMING F15\.openjfx\cache\23+29\amd64\api-ms-win-crt-conio-l1-1-0.dll
0x0000024ec5df0000 - 0x0000024ec5df4000 	C:\Users\ASUS TUF GAMING F15\.openjfx\cache\23+29\amd64\api-ms-win-crt-convert-l1-1-0.dll
0x0000024ec5e00000 - 0x0000024ec5e03000 	C:\Users\ASUS TUF GAMING F15\.openjfx\cache\23+29\amd64\api-ms-win-crt-environment-l1-1-0.dll
0x0000024ec5e10000 - 0x0000024ec5e13000 	C:\Users\ASUS TUF GAMING F15\.openjfx\cache\23+29\amd64\api-ms-win-crt-filesystem-l1-1-0.dll
0x0000024ec5e20000 - 0x0000024ec5e23000 	C:\Users\ASUS TUF GAMING F15\.openjfx\cache\23+29\amd64\api-ms-win-crt-heap-l1-1-0.dll
0x0000024ec5e30000 - 0x0000024ec5e33000 	C:\Users\ASUS TUF GAMING F15\.openjfx\cache\23+29\amd64\api-ms-win-crt-locale-l1-1-0.dll
0x0000024ec5e40000 - 0x0000024ec5e45000 	C:\Users\ASUS TUF GAMING F15\.openjfx\cache\23+29\amd64\api-ms-win-crt-math-l1-1-0.dll
0x0000024ec5e50000 - 0x0000024ec5e55000 	C:\Users\ASUS TUF GAMING F15\.openjfx\cache\23+29\amd64\api-ms-win-crt-multibyte-l1-1-0.dll
0x0000024ec5e60000 - 0x0000024ec5e70000 	C:\Users\ASUS TUF GAMING F15\.openjfx\cache\23+29\amd64\api-ms-win-crt-private-l1-1-0.dll
0x0000024ec5e70000 - 0x0000024ec5e73000 	C:\Users\ASUS TUF GAMING F15\.openjfx\cache\23+29\amd64\api-ms-win-crt-process-l1-1-0.dll
0x0000024ec5e80000 - 0x0000024ec5e84000 	C:\Users\ASUS TUF GAMING F15\.openjfx\cache\23+29\amd64\api-ms-win-crt-runtime-l1-1-0.dll
0x0000024ec5e90000 - 0x0000024ec5e94000 	C:\Users\ASUS TUF GAMING F15\.openjfx\cache\23+29\amd64\api-ms-win-crt-stdio-l1-1-0.dll
0x0000024ec5ea0000 - 0x0000024ec5ea4000 	C:\Users\ASUS TUF GAMING F15\.openjfx\cache\23+29\amd64\api-ms-win-crt-string-l1-1-0.dll
0x0000024ec5eb0000 - 0x0000024ec5eb3000 	C:\Users\ASUS TUF GAMING F15\.openjfx\cache\23+29\amd64\api-ms-win-crt-time-l1-1-0.dll
0x0000024ec5ec0000 - 0x0000024ec5ec3000 	C:\Users\ASUS TUF GAMING F15\.openjfx\cache\23+29\amd64\api-ms-win-crt-utility-l1-1-0.dll
0x00007ff8af230000 - 0x00007ff8af32c000 	C:\Users\ASUS TUF GAMING F15\.openjfx\cache\23+29\amd64\ucrtbase.dll
0x00007ff8dc8c0000 - 0x00007ff8dc8db000 	C:\Users\ASUS TUF GAMING F15\.openjfx\cache\23+29\amd64\vcruntime140.dll
0x00007ff8dd2f0000 - 0x00007ff8dd2fc000 	C:\Users\ASUS TUF GAMING F15\.openjfx\cache\23+29\amd64\vcruntime140_1.dll
0x00007ff8cbf70000 - 0x00007ff8cbffe000 	C:\Users\ASUS TUF GAMING F15\.openjfx\cache\23+29\amd64\msvcp140.dll
0x00007ff8dc8b0000 - 0x00007ff8dc8b9000 	C:\Users\ASUS TUF GAMING F15\.openjfx\cache\23+29\amd64\msvcp140_1.dll
0x00007ff8cf7f0000 - 0x00007ff8cf831000 	C:\Users\ASUS TUF GAMING F15\.openjfx\cache\23+29\amd64\msvcp140_2.dll
0x00007ff8d6670000 - 0x00007ff8d66a0000 	C:\Users\ASUS TUF GAMING F15\.openjfx\cache\23+29\amd64\prism_d3d.dll
0x00007ff8cb480000 - 0x00007ff8cb628000 	C:\WINDOWS\system32\d3d9.dll
0x00007ff8fa750000 - 0x00007ff8fa77b000 	C:\WINDOWS\SYSTEM32\dwmapi.dll
0x00007ff8fa950000 - 0x00007ff8fa987000 	C:\WINDOWS\SYSTEM32\dxcore.dll
0x00007ff8fa4b0000 - 0x00007ff8fa561000 	C:\WINDOWS\system32\uxtheme.dll
0x00007ff8aaec0000 - 0x00007ff8ab11f000 	C:\WINDOWS\System32\DriverStore\FileRepository\iigd_dch.inf_amd64_f63934308f6cc308\igdumdim64.dll
0x00007ff863b30000 - 0x00007ff865079000 	C:\WINDOWS\System32\DriverStore\FileRepository\iigd_dch.inf_amd64_f63934308f6cc308\igd9dxva64.dll
0x00007ff900ef0000 - 0x00007ff901364000 	C:\WINDOWS\System32\SETUPAPI.dll
0x00007ff8ffaa0000 - 0x00007ff8ffaee000 	C:\WINDOWS\SYSTEM32\cfgmgr32.dll
0x00007ff895af0000 - 0x00007ff89781b000 	C:\WINDOWS\System32\DriverStore\FileRepository\iigd_dch.inf_amd64_f63934308f6cc308\media_bin_64.dll
0x00007ff8eb890000 - 0x00007ff8ebcce000 	C:\WINDOWS\System32\DriverStore\FileRepository\iigd_dch.inf_amd64_f63934308f6cc308\igdgmm64.dll
0x00007ff8f4ed0000 - 0x00007ff8f4f19000 	C:\WINDOWS\SYSTEM32\directxdatabasehelper.dll
0x00007ff8cd670000 - 0x00007ff8cd6b5000 	C:\Users\ASUS TUF GAMING F15\.openjfx\cache\23+29\amd64\glass.dll
0x00007ff902760000 - 0x00007ff90285f000 	C:\WINDOWS\System32\COMDLG32.dll
0x00007ff901820000 - 0x00007ff901980000 	C:\WINDOWS\System32\MSCTF.dll
0x00007ff8a2bf0000 - 0x00007ff8a2c17000 	C:\WINDOWS\System32\DriverStore\FileRepository\iigd_dch.inf_amd64_f63934308f6cc308\igdinfo64.dll
0x00007ff8e2ef0000 - 0x00007ff8e6f32000 	C:\WINDOWS\System32\DriverStore\FileRepository\iigd_dch.inf_amd64_f63934308f6cc308\igc64.dll
0x00007ff902420000 - 0x00007ff9024d0000 	C:\WINDOWS\System32\clbcatq.dll
0x00007ff8e7cc0000 - 0x00007ff8e7e39000 	C:\Windows\System32\Windows.UI.dll
0x00007ff8e11c0000 - 0x00007ff8e1335000 	C:\Windows\System32\Windows.UI.Immersive.dll
0x00007ff8dc890000 - 0x00007ff8dc8a5000 	C:\Users\ASUS TUF GAMING F15\.openjfx\cache\23+29\amd64\javafx_font.dll
0x00007ff8f5ca0000 - 0x00007ff8f5f13000 	C:\WINDOWS\SYSTEM32\dwrite.dll
0x00007ff8fa2b0000 - 0x00007ff8fa461000 	C:\WINDOWS\SYSTEM32\WindowsCodecs.dll
0x00007ff8c8960000 - 0x00007ff8c89be000 	C:\WINDOWS\system32\dataexchange.dll
0x00007ff8ef030000 - 0x00007ff8ef2d2000 	C:\WINDOWS\system32\twinapi.appcore.dll
0x00007ff8f75d0000 - 0x00007ff8f7602000 	C:\Program Files\Common Files\Microsoft Shared\Ink\rtscom.dll
0x00007ff8e7380000 - 0x00007ff8e74c3000 	C:\WINDOWS\SYSTEM32\textinputframework.dll
0x00007ff8f6df0000 - 0x00007ff8f6f23000 	C:\WINDOWS\SYSTEM32\CoreMessaging.dll
0x00007ff8f0830000 - 0x00007ff8f0b9d000 	C:\WINDOWS\SYSTEM32\CoreUIComponents.dll
0x00007ff8ff5b0000 - 0x00007ff8ff5bc000 	C:\WINDOWS\SYSTEM32\CRYPTBASE.DLL

dbghelp: loaded successfully - version: 4.0.5 - missing functions: none
symbol engine: initialized successfully - sym options: 0x614 - pdb path: .;C:\Users\ASUS TUF GAMING F15\.jdks\openjdk-23\bin;C:\WINDOWS\SYSTEM32;C:\WINDOWS\WinSxS\amd64_microsoft.windows.common-controls_6595b64144ccf1df_6.0.22621.3672_none_2713b9d173822955;C:\Program Files (x86)\360\Total Security\safemon;C:\Users\ASUS TUF GAMING F15\.jdks\openjdk-23\bin\server;C:\Users\ASUS TUF GAMING F15\IntelliJ IDEA 2024.1.4\bin;C:\Users\ASUS TUF GAMING F15\.openjfx\cache\23+29\amd64;C:\WINDOWS\System32\DriverStore\FileRepository\iigd_dch.inf_amd64_f63934308f6cc308;C:\WINDOWS\System32\DriverStore\FileRepository\nvami.inf_amd64_228c2297d67d3a38;C:\Program Files\Common Files\Microsoft Shared\Ink;C:\Program Files\Bonjour

VM Arguments:
jvm_args: -javaagent:C:\Users\ASUS TUF GAMING F15\IntelliJ IDEA 2024.1.4\lib\idea_rt.jar=54886:C:\Users\ASUS TUF GAMING F15\IntelliJ IDEA 2024.1.4\bin -Dfile.encoding=UTF-8 -Dsun.stdout.encoding=UTF-8 -Dsun.stderr.encoding=UTF-8 --module-path=D:\KUcomsci\SA_project\Sa-Project\NewApp\target\classes;C:\Users\ASUS TUF GAMING F15\.m2\repository\org\openjfx\javafx-fxml\23\javafx-fxml-23-win.jar;C:\Users\ASUS TUF GAMING F15\.m2\repository\io\github\typhon0\AnimateFX\1.2.4\AnimateFX-1.2.4.jar;C:\Users\ASUS TUF GAMING F15\.m2\repository\org\json\json\20240303\json-20240303.jar;C:\Users\ASUS TUF GAMING F15\.m2\repository\org\openjfx\javafx-base\23\javafx-base-23-win.jar;C:\Users\ASUS TUF GAMING F15\.m2\repository\org\openjfx\javafx-controls\23\javafx-controls-23-win.jar;C:\Users\ASUS TUF GAMING F15\.m2\repository\org\openjfx\javafx-graphics\23\javafx-graphics-23-win.jar;C:\Users\ASUS TUF GAMING F15\.m2\repository\org\springframework\security\spring-security-crypto\5.8.1\spring-security-crypto-5.8.1.jar;C:\Users\ASUS TUF GAMING F15\.m2\repository\org\mindrot\jbcrypt\0.4\jbcrypt-0.4.jar -Djdk.module.main=ku.cs 
java_command: ku.cs/ku.cs.appsales.MainApplication
java_class_path (initial): C:\Users\ASUS TUF GAMING F15\.m2\repository\org\openjfx\javafx-fxml\23\javafx-fxml-23.jar;C:\Users\ASUS TUF GAMING F15\.m2\repository\org\openjfx\javafx-controls\23\javafx-controls-23.jar;C:\Users\ASUS TUF GAMING F15\.m2\repository\org\openjfx\javafx-graphics\23\javafx-graphics-23.jar;C:\Users\ASUS TUF GAMING F15\.m2\repository\org\openjfx\javafx-base\23\javafx-base-23.jar;C:\Users\ASUS TUF GAMING F15\.m2\repository\com\mysql\mysql-connector-j\8.0.33\mysql-connector-j-8.0.33.jar;C:\Users\ASUS TUF GAMING F15\.m2\repository\com\google\protobuf\protobuf-java\3.21.9\protobuf-java-3.21.9.jar
Launcher Type: SUN_STANDARD

[Global flags]
     intx CICompilerCount                          = 4                                         {product} {ergonomic}
     uint ConcGCThreads                            = 3                                         {product} {ergonomic}
     uint G1ConcRefinementThreads                  = 10                                        {product} {ergonomic}
   size_t G1HeapRegionSize                         = 2097152                                   {product} {ergonomic}
   size_t InitialHeapSize                          = 264241152                                 {product} {ergonomic}
   size_t MarkStackSize                            = 4194304                                   {product} {ergonomic}
   size_t MarkStackSizeMax                         = 536870912                                 {product} {ergonomic}
   size_t MaxHeapSize                              = 4227858432                                {product} {ergonomic}
   size_t MaxNewSize                               = 2535456768                                {product} {ergonomic}
   size_t MinHeapDeltaBytes                        = 2097152                                   {product} {ergonomic}
   size_t MinHeapSize                              = 8388608                                   {product} {ergonomic}
    uintx NonNMethodCodeHeapSize                   = 5832704                                {pd product} {ergonomic}
    uintx NonProfiledCodeHeapSize                  = 122945536                              {pd product} {ergonomic}
    uintx ProfiledCodeHeapSize                     = 122880000                              {pd product} {ergonomic}
    uintx ReservedCodeCacheSize                    = 251658240                              {pd product} {ergonomic}
     bool SegmentedCodeCache                       = true                                      {product} {ergonomic}
   size_t SoftMaxHeapSize                          = 4227858432                             {manageable} {ergonomic}
     bool UseCompressedOops                        = true                           {product lp64_product} {ergonomic}
     bool UseG1GC                                  = true                                      {product} {ergonomic}
     bool UseLargePagesIndividualAllocation        = false                                  {pd product} {ergonomic}

Logging:
Log output configuration:
 #0: stdout all=off uptime,level,tags foldmultilines=false
 #1: stderr all=off uptime,level,tags foldmultilines=false

Environment Variables:
JAVA_HOME=C:\Program Files\Java\jdk-23
PATH=C:\Program Files\Java\jdk-23\bin;C:\Program Files\apache-maven-3.9.3\bin;C:\Program Files\Common Files\Oracle\Java\javapath;C:\Program Files (x86)\Common Files\Oracle\Java\javapath;C:\Windows\system32;C:\Windows;C:\Windows\System32\Wbem;C:\Windows\System32\WindowsPowerShell\v1.0\;C:\Windows\System32\OpenSSH\;C:\Program Files\NVIDIA Corporation\NVIDIA NvDLISR;C:\Program Files\swipl\bin;C:\Users\ASUS TUF GAMING F15\Desktop\mingw32\bin;C:\WINDOWS\system32;C:\WINDOWS;C:\WINDOWS\System32\Wbem;C:\WINDOWS\System32\WindowsPowerShell\v1.0\;C:\WINDOWS\System32\OpenSSH\;C:\MinGW\bin;C:\MinGW\msys\1.0\bin;C:\MinGW\msys;C:\Program Files\dotnet\;C:\Program Files\MATLAB\R2023b\bin;C:\Program Files (x86)\NVIDIA Corporation\PhysX\Common;C:\Program Files\GitHub CLI\;C:\Program Files\Git\cmd;C:\Program Files\Java\jdk-23\bin;C:\Program Files\Java\jdk-23\bin;C:\Program Files\apache-maven-3.9.3\bin;C:\Program Files\Common Files\Oracle\Java\javapath;C:\Program Files (x86)\Common Files\Oracle\Java\javapath;C:\Windows\system32;C:\Windows;C:\Windows\System32\Wbem;C:\Windows\System32\WindowsPowerShell\v1.0\;C:\Windows\System32\OpenSSH\;C:\Program Files\NVIDIA Corporation\NVIDIA NvDLISR;C:\Program Files\swipl\bin;C:\Users\ASUS TUF GAMING F15\Desktop\mingw32\bin;C:\WINDOWS\system32;C:\WINDOWS;C:\WINDOWS\System32\Wbem;C:\WINDOWS\System32\WindowsPowerShell\v1.0\;C:\WINDOWS\System32\OpenSSH\;C:\Program Files\Git\cmd;C:\MinGW\bin;C:\MinGW\msys\1.0\bin;C:\MinGW\msys;C:\Program Files\dotnet\;C:\Program Files\MATLAB\R2023b\bin;C:\Program Files (x86)\NVIDIA Corporation\PhysX\Common;C:\Program Files\GitHub CLI\;C:\Users\ASUS TUF GAMING F15\AppData\Local\Programs\Python\Python312\Scripts\;C:\Users\ASUS TUF GAMING F15\AppData\Local\Programs\Python\Python312\;C:\Users\ASUS TUF GAMING F15\AppData\Local\Programs\Python\Python311\Script;C:\Users\ASUS TUF GAMING F15\AppData\Local\Programs\Microsoft VS Code\bin
USERNAME=ASUS TUF GAMING F15
OS=Windows_NT
PROCESSOR_IDENTIFIER=Intel64 Family 6 Model 141 Stepping 1, GenuineIntel
TMP=C:\Users\ASUSTU~1\AppData\Local\Temp
TEMP=C:\Users\ASUSTU~1\AppData\Local\Temp




Periodic native trim disabled

---------------  S Y S T E M  ---------------

OS:
 Windows 11 , 64 bit Build 22621 (10.0.22621.3958)
OS uptime: 0 days 7:29 hours

CPU: total 12 (initial active 12) (6 cores per cpu, 2 threads per core) family 6 model 141 stepping 1 microcode 0x34, cx8, cmov, fxsr, ht, mmx, 3dnowpref, sse, sse2, sse3, ssse3, sse4.1, sse4.2, popcnt, lzcnt, tsc, tscinvbit, avx, avx2, aes, erms, clmul, bmi1, bmi2, adx, avx512f, avx512dq, avx512cd, avx512bw, avx512vl, sha, fma, vzeroupper, avx512_vpopcntdq, avx512_vpclmulqdq, avx512_vaes, avx512_vnni, clflush, clflushopt, clwb, avx512_vbmi2, avx512_vbmi, rdtscp, rdpid, fsrm, gfni, avx512_bitalg, f16c, pku, cet_ibt, cet_ss, avx512_ifma
Processor Information for the first 12 processors :
  Max Mhz: 2688, Current Mhz: 2688, Mhz Limit: 2688

Memory: 4k page, system-wide physical 16122M (811M free)
TotalPageFile size 25021M (AvailPageFile size 5673M)
current process WorkingSet (physical memory assigned to process): 413M, peak: 484M
current process commit charge ("private bytes"): 459M, peak: 530M

vm_info: OpenJDK 64-Bit Server VM (23+37-2369) for windows-amd64 JRE (23+37-2369), built on 2024-08-20T16:01:23Z with MS VC++ 17.6 (VS2022)

END.
